TN:
SF:/home/jeremy/Dev/libCEED/backends/blocked/ceed-blocked-operator.c
FNL:0,19,197
FNA:0,192,CeedOperatorSetupFields_Blocked
FNL:1,202,266
FNA:1,96,CeedOperatorSetup_Blocked
FNL:2,271,303
FNA:2,96,CeedOperatorSetupInputs_Blocked
FNL:3,308,354
FNA:3,192,CeedOperatorInputBasis_Blocked
FNL:4,359,400
FNA:4,192,CeedOperatorOutputBasis_Blocked
FNL:5,405,427
FNA:5,96,CeedOperatorRestoreInputs_Blocked
FNL:6,432,520
FNA:6,96,CeedOperatorApplyAdd_Blocked
FNL:7,525,719
FNA:7,0,CeedOperatorLinearAssembleQFunctionCore_Blocked
FNL:8,724,726
FNA:8,0,CeedOperatorLinearAssembleQFunction_Blocked
FNL:9,731,733
FNA:9,0,CeedOperatorLinearAssembleQFunctionUpdate_Blocked
FNL:10,738,775
FNA:10,96,CeedOperatorDestroy_Blocked
FNL:11,780,793
FNA:11,96,CeedOperatorCreate_Blocked
FNF:12
FNH:9
DA:19,192
DA:31,192
DA:32,192
DA:33,192
DA:34,192
DA:36,192
DA:37,96
DA:38,96
DA:40,96
DA:41,96
DA:45,480
DA:49,288
DA:50,288
DA:57,240
DA:58,240
DA:59,240
DA:60,240
DA:61,240
DA:62,240
DA:63,240
DA:65,240
DA:66,240
DA:67,144
DA:68,144
DA:70,144
DA:71,144
DA:73,144
DA:74,144
DA:75,0
DA:76,0
DA:77,0
DA:79,0
DA:80,0
DA:81,0
DA:83,0
DA:84,0
DA:85,0
DA:86,0
DA:87,0
DA:88,0
DA:90,0
DA:91,0
DA:92,0
DA:95,0
DA:96,0
DA:97,0
DA:98,96
DA:101,96
DA:102,96
DA:104,96
DA:105,0
DA:107,0
DA:109,240
DA:110,240
DA:111,240
DA:114,288
DA:115,96
DA:116,96
DA:117,96
DA:118,96
DA:119,96
DA:120,144
DA:124,144
DA:125,144
DA:126,144
DA:127,144
DA:128,144
DA:129,144
DA:130,144
DA:131,144
DA:132,144
DA:133,144
DA:134,48
DA:135,48
DA:136,48
DA:137,48
DA:138,48
DA:139,48
DA:140,48
DA:144,192
DA:145,288
DA:149,192
DA:150,192
DA:151,288
DA:155,96
DA:156,96
DA:157,96
DA:158,0
DA:159,0
DA:160,0
DA:162,96
DA:163,96
DA:165,192
DA:166,192
DA:169,192
DA:173,96
DA:174,96
DA:175,96
DA:179,0
DA:180,0
DA:181,0
DA:182,0
DA:183,0
DA:184,0
DA:185,0
DA:186,0
DA:188,0
DA:189,0
DA:191,96
DA:192,96
DA:195,192
DA:196,192
DA:202,96
DA:205,96
DA:211,96
DA:212,96
DA:214,96
DA:215,96
DA:216,96
DA:217,96
DA:218,96
DA:219,96
DA:222,96
DA:223,96
DA:225,96
DA:226,96
DA:227,96
DA:228,96
DA:229,96
DA:230,96
DA:231,96
DA:232,96
DA:233,96
DA:235,96
DA:236,96
DA:240,96
DA:243,96
DA:248,96
DA:252,0
DA:253,0
DA:254,0
DA:256,0
DA:257,0
DA:259,0
DA:263,96
DA:264,96
DA:265,96
DA:271,96
DA:274,288
DA:281,192
DA:282,192
DA:283,192
DA:284,96
DA:285,96
DA:288,192
DA:289,192
DA:292,144
DA:293,144
DA:294,144
DA:296,144
DA:298,144
DA:300,192
DA:302,96
DA:308,192
DA:311,576
DA:318,384
DA:322,0
DA:323,0
DA:324,0
DA:325,0
DA:329,384
DA:330,384
DA:331,384
DA:332,384
DA:333,384
DA:335,384
DA:336,96
DA:337,96
DA:338,96
DA:339,192
DA:343,192
DA:344,192
DA:345,192
DA:346,192
DA:347,192
DA:348,192
DA:349,96
DA:350,96
DA:353,192
DA:359,192
DA:362,384
DA:369,192
DA:370,192
DA:371,192
DA:372,192
DA:374,192
DA:375,96
DA:376,96
DA:377,96
DA:381,96
DA:382,96
DA:383,96
DA:385,96
DA:386,0
DA:388,96
DA:390,96
DA:391,96
DA:399,192
DA:405,96
DA:407,288
DA:411,192
DA:415,0
DA:416,0
DA:417,0
DA:418,0
DA:420,192
DA:421,192
DA:423,144
DA:426,96
DA:432,96
DA:434,96
DA:436,96
DA:443,96
DA:445,96
DA:448,96
DA:449,0
DA:450,0
DA:451,0
DA:453,96
DA:454,96
DA:455,96
DA:456,96
DA:457,96
DA:458,96
DA:461,96
DA:464,192
DA:465,96
DA:466,0
DA:468,96
DA:473,288
DA:475,384
DA:476,192
DA:477,192
DA:478,96
DA:479,96
DA:485,192
DA:488,192
DA:489,192
DA:493,192
DA:498,192
DA:502,96
DA:504,96
DA:506,96
DA:507,96
DA:509,96
DA:511,96
DA:513,96
DA:517,96
DA:518,96
DA:519,96
DA:525,0
DA:529,0
DA:531,0
DA:537,0
DA:538,0
DA:539,0
DA:540,0
DA:541,0
DA:543,0
DA:544,0
DA:545,0
DA:546,0
DA:547,0
DA:548,0
DA:549,0
DA:552,0
DA:555,0
DA:558,0
DA:561,0
DA:562,0
DA:567,0
DA:568,0
DA:569,0
DA:570,0
DA:571,0
DA:573,0
DA:575,0
DA:576,0
DA:580,0
DA:581,0
DA:586,0
DA:587,0
DA:588,0
DA:589,0
DA:591,0
DA:593,0
DA:594,0
DA:598,0
DA:599,0
DA:601,0
DA:602,0
DA:604,0
DA:607,0
DA:608,0
DA:610,0
DA:612,0
DA:616,0
DA:617,0
DA:618,0
DA:621,0
DA:624,0
DA:628,0
DA:630,0
DA:633,0
DA:639,0
DA:640,0
DA:641,0
DA:642,0
DA:643,0
DA:644,0
DA:649,0
DA:650,0
DA:651,0
DA:654,0
DA:656,0
DA:661,0
DA:663,0
DA:664,0
DA:665,0
DA:666,0
DA:668,0
DA:671,0
DA:677,0
DA:678,0
DA:679,0
DA:680,0
DA:681,0
DA:687,0
DA:688,0
DA:689,0
DA:696,0
DA:697,0
DA:701,0
DA:702,0
DA:703,0
DA:705,0
DA:710,0
DA:713,0
DA:714,0
DA:715,0
DA:716,0
DA:717,0
DA:718,0
DA:724,0
DA:725,0
DA:731,0
DA:732,0
DA:738,96
DA:741,96
DA:743,96
DA:744,96
DA:745,96
DA:746,96
DA:747,384
DA:748,288
DA:749,288
DA:751,96
DA:752,96
DA:753,96
DA:755,288
DA:756,192
DA:757,192
DA:759,96
DA:760,96
DA:762,192
DA:763,96
DA:764,96
DA:766,96
DA:767,96
DA:770,96
DA:771,96
DA:773,96
DA:774,96
DA:780,96
DA:784,96
DA:785,96
DA:786,96
DA:787,96
DA:788,96
DA:789,96
DA:790,96
DA:791,96
DA:792,96
LF:393
LH:244
end_of_record
TN:
SF:/home/jeremy/Dev/libCEED/backends/blocked/ceed-blocked.c
FNL:0,18,32
FNA:0,48,CeedInit_Blocked
FNL:1,37,37
FNA:1,192,CeedRegister_Ref_Blocked
FNF:2
FNH:2
DA:18,48
DA:21,48
DA:23,48
DA:26,48
DA:27,48
DA:28,48
DA:30,48
DA:31,48
DA:37,192
LF:9
LH:9
end_of_record
TN:
SF:/home/jeremy/Dev/libCEED/backends/ceed-backend-list-avx.h
FNL:0,12,12
FNA:0,192,CeedRegister_Avx_Blocked
FNL:1,13,13
FNA:1,192,CeedRegister_Avx_Serial
FNF:2
FNH:2
DA:12,384
DA:13,384
LF:2
LH:2
end_of_record
TN:
SF:/home/jeremy/Dev/libCEED/backends/ceed-backend-list-cuda.h
FNL:0,12,12
FNA:0,192,CeedRegister_Cuda
FNL:1,13,13
FNA:1,192,CeedRegister_Cuda_Gen
FNL:2,14,14
FNA:2,192,CeedRegister_Cuda_Shared
FNF:3
FNH:3
DA:12,384
DA:13,384
DA:14,384
LF:3
LH:3
end_of_record
TN:
SF:/home/jeremy/Dev/libCEED/backends/ceed-backend-list-hip.h
FNL:0,12,12
FNA:0,192,CeedRegister_Hip
FNL:1,13,13
FNA:1,192,CeedRegister_Hip_Gen
FNL:2,14,14
FNA:2,192,CeedRegister_Hip_Shared
FNF:3
FNH:3
DA:12,384
DA:13,384
DA:14,384
LF:3
LH:3
end_of_record
TN:
SF:/home/jeremy/Dev/libCEED/backends/ceed-backend-list-magma.h
FNL:0,12,12
FNA:0,192,CeedRegister_Magma
FNL:1,13,13
FNA:1,192,CeedRegister_Magma_Det
FNF:2
FNH:2
DA:12,384
DA:13,384
LF:2
LH:2
end_of_record
TN:
SF:/home/jeremy/Dev/libCEED/backends/ceed-backend-list-memcheck.h
FNL:0,12,12
FNA:0,0,CeedRegister_Memcheck_Blocked
FNL:1,13,13
FNA:1,0,CeedRegister_Memcheck_Serial
FNF:2
FNH:0
DA:12,192
DA:13,192
LF:2
LH:2
end_of_record
TN:
SF:/home/jeremy/Dev/libCEED/backends/ceed-backend-list-ref.h
FNF:0
FNH:0
DA:12,192
DA:13,192
DA:14,192
DA:15,192
LF:4
LH:4
end_of_record
TN:
SF:/home/jeremy/Dev/libCEED/backends/ceed-backend-list-sycl.h
FNL:0,12,12
FNA:0,192,CeedRegister_Sycl
FNL:1,13,13
FNA:1,192,CeedRegister_Sycl_Shared
FNL:2,14,14
FNA:2,192,CeedRegister_Sycl_Gen
FNF:3
FNH:3
DA:12,384
DA:13,384
DA:14,384
LF:3
LH:3
end_of_record
TN:
SF:/home/jeremy/Dev/libCEED/backends/ceed-backend-list-xsmm.h
FNL:0,12,12
FNA:0,0,CeedRegister_Xsmm_Blocked
FNL:1,13,13
FNA:1,0,CeedRegister_Xsmm_Serial
FNF:2
FNH:0
DA:12,192
DA:13,192
LF:2
LH:2
end_of_record
TN:
SF:/home/jeremy/Dev/libCEED/backends/memcheck/ceed-memcheck-blocked.c
FNL:0,17,34
FNA:0,24,CeedInit_Memcheck
FNL:1,39,39
FNA:1,192,CeedRegister_Memcheck_Blocked
FNF:2
FNH:2
DA:17,24
DA:20,24
DA:23,24
DA:24,24
DA:25,24
DA:27,24
DA:28,24
DA:29,24
DA:30,24
DA:31,24
DA:32,24
DA:33,24
DA:39,192
LF:13
LH:13
end_of_record
TN:
SF:/home/jeremy/Dev/libCEED/backends/memcheck/ceed-memcheck-qfunction.c
FNL:0,111,124
FNA:0,96,CeedQFunctionCreate_Memcheck
FNL:1,19,93
FNA:1,768,CeedQFunctionApply_Memcheck
FNL:2,98,106
FNA:2,96,CeedQFunctionDestroy_Memcheck
FNF:3
FNH:3
DA:19,768
DA:20,768
DA:23,768
DA:27,768
DA:28,768
DA:29,768
DA:30,768
DA:33,2304
DA:35,1536
DA:37,1536
DA:39,1536
DA:41,1536
DA:42,1536
DA:46,1536
DA:48,768
DA:50,768
DA:52,768
DA:53,768
DA:55,768
DA:56,768
DA:60,768
DA:63,2304
DA:64,1536
DA:65,1536
DA:72,768
DA:73,768
DA:74,768
DA:75,1536
DA:80,768
DA:81,768
DA:82,50688
DA:83,49920
DA:87,768
DA:88,768
DA:91,768
DA:92,768
DA:98,96
DA:101,96
DA:102,96
DA:103,96
DA:104,96
DA:105,96
DA:111,96
DA:115,96
DA:116,96
DA:117,96
DA:118,96
DA:119,96
DA:120,96
DA:121,96
DA:122,96
DA:123,96
LF:52
LH:52
end_of_record
TN:
SF:/home/jeremy/Dev/libCEED/backends/memcheck/ceed-memcheck-qfunctioncontext.c
FNL:0,116,140
FNA:0,0,CeedQFunctionContextTakeData_Memcheck
FNL:1,145,160
FNA:1,396,CeedQFunctionContextGetData_Memcheck
FNL:2,165,182
FNA:2,0,CeedQFunctionContextGetDataRead_Memcheck
FNL:3,187,203
FNA:3,396,CeedQFunctionContextRestoreData_Memcheck
FNL:4,19,25
FNA:4,396,CeedQFunctionContextHasValidData_Memcheck
FNL:5,208,225
FNA:5,0,CeedQFunctionContextRestoreDataRead_Memcheck
FNL:6,230,262
FNA:6,144,CeedQFunctionContextDataDestroy_Memcheck
FNL:7,267,285
FNA:7,72,CeedQFunctionContextDestroy_Memcheck
FNL:8,290,309
FNA:8,72,CeedQFunctionContextCreate_Memcheck
FNL:9,30,38
FNA:9,0,CeedQFunctionContextHasBorrowedDataOfType_Memcheck
FNL:10,43,89
FNA:10,72,CeedQFunctionContextSetData_Memcheck
FNL:11,94,111
FNA:11,396,CeedQFunctionContextSyncData_Memcheck
FNF:12
FNH:8
DA:19,396
DA:22,396
DA:23,396
DA:24,396
DA:30,0
DA:33,0
DA:35,0
DA:36,0
DA:37,0
DA:43,72
DA:47,72
DA:49,72
DA:50,72
DA:53,72
DA:54,0
DA:55,0
DA:57,72
DA:58,72
DA:59,0
DA:60,0
DA:62,72
DA:65,72
DA:68,72
DA:69,0
DA:70,0
DA:71,0
DA:72,0
DA:73,24
DA:74,24
DA:75,24
DA:76,24
DA:77,24
DA:78,48
DA:79,48
DA:80,48
DA:81,48
DA:85,72
DA:86,72
DA:87,72
DA:88,72
DA:94,396
DA:98,396
DA:100,396
DA:101,396
DA:104,396
DA:105,204
DA:107,396
DA:108,192
DA:110,396
DA:116,0
DA:120,0
DA:122,0
DA:123,0
DA:126,0
DA:129,0
DA:130,0
DA:131,0
DA:134,0
DA:135,0
DA:136,0
DA:138,0
DA:139,0
DA:145,396
DA:149,396
DA:151,396
DA:152,396
DA:155,396
DA:156,396
DA:157,396
DA:158,396
DA:159,396
DA:165,0
DA:169,0
DA:171,0
DA:172,0
DA:175,0
DA:176,0
DA:177,0
DA:178,0
DA:180,0
DA:181,0
DA:187,396
DA:191,396
DA:192,396
DA:195,396
DA:196,396
DA:199,396
DA:200,396
DA:201,396
DA:202,396
DA:208,0
DA:212,0
DA:213,0
DA:216,0
DA:218,0
DA:221,0
DA:222,0
DA:223,0
DA:224,0
DA:230,144
DA:235,144
DA:237,144
DA:238,144
DA:242,144
DA:243,0
DA:245,0
DA:246,0
DA:247,0
DA:250,144
DA:251,72
DA:252,72
DA:254,144
DA:255,24
DA:256,24
DA:258,144
DA:259,48
DA:261,144
DA:267,72
DA:271,72
DA:272,72
DA:273,0
DA:274,0
DA:276,72
DA:277,0
DA:278,0
DA:280,72
DA:281,48
DA:283,72
DA:284,72
DA:290,72
DA:294,72
DA:295,72
DA:296,72
DA:297,72
DA:298,72
DA:299,72
DA:300,72
DA:301,72
DA:302,72
DA:303,72
DA:304,72
DA:305,72
DA:306,72
DA:307,72
DA:308,72
LF:145
LH:92
end_of_record
TN:
SF:/home/jeremy/Dev/libCEED/backends/memcheck/ceed-memcheck-restriction.c
FNL:0,109,149
FNA:0,0,CeedElemRestrictionApplyCurlOrientedNoTranspose_Memcheck_Core
FNL:1,151,190
FNA:1,0,CeedElemRestrictionApplyCurlOrientedUnsignedNoTranspose_Memcheck_Core
FNL:2,19,41
FNA:2,192,CeedElemRestrictionGetBackendStrides_Memcheck
FNL:3,192,216
FNA:3,48,CeedElemRestrictionApplyStridedTranspose_Memcheck_Core
FNL:4,218,240
FNA:4,48,CeedElemRestrictionApplyOffsetTranspose_Memcheck_Core
FNL:5,242,264
FNA:5,0,CeedElemRestrictionApplyOrientedTranspose_Memcheck_Core
FNL:6,266,315
FNA:6,0,CeedElemRestrictionApplyCurlOrientedTranspose_Memcheck_Core
FNL:7,317,365
FNA:7,0,CeedElemRestrictionApplyCurlOrientedUnsignedTranspose_Memcheck_Core
FNL:8,367,390
FNA:8,0,CeedElemRestrictionApplyAtPointsInElement_Memcheck_Core
FNL:9,392,500
FNA:9,240,CeedElemRestrictionApply_Memcheck_Core
FNL:10,46,70
FNA:10,48,CeedElemRestrictionApplyStridedNoTranspose_Memcheck_Core
FNL:11,505,516
FNA:11,240,CeedElemRestrictionApply_Memcheck
FNL:12,521,533
FNA:12,0,CeedElemRestrictionApplyUnsigned_Memcheck
FNL:13,538,550
FNA:13,0,CeedElemRestrictionApplyUnoriented_Memcheck
FNL:14,555,563
FNA:14,0,CeedElemRestrictionApplyAtPointsInElement_Memcheck
FNL:15,568,579
FNA:15,0,CeedElemRestrictionApplyBlock_Memcheck
FNL:16,584,593
FNA:16,72,CeedElemRestrictionGetOffsets_Memcheck
FNL:17,598,607
FNA:17,0,CeedElemRestrictionGetOrientations_Memcheck
FNL:18,612,621
FNA:18,0,CeedElemRestrictionGetCurlOrientations_Memcheck
FNL:19,626,635
FNA:19,192,CeedElemRestrictionDestroy_Memcheck
FNL:20,640,773
FNA:20,264,CeedElemRestrictionCreate_Memcheck
FNL:21,72,88
FNA:21,96,CeedElemRestrictionApplyOffsetNoTranspose_Memcheck_Core
FNL:22,90,107
FNA:22,0,CeedElemRestrictionApplyOrientedNoTranspose_Memcheck_Core
FNF:23
FNH:10
DA:19,192
DA:22,192
DA:23,192
DA:24,192
DA:26,192
DA:27,192
DA:28,192
DA:40,192
DA:46,48
DA:52,48
DA:54,48
DA:55,48
DA:56,0
DA:59,432
DA:60,768
DA:61,9888
DA:62,34464
DA:63,24960
DA:64,24960
DA:69,48
DA:72,96
DA:79,96
DA:80,864
DA:81,1656
DA:82,55608
DA:83,54720
DA:87,96
DA:90,0
DA:97,0
DA:98,0
DA:99,0
DA:100,0
DA:101,0
DA:102,0
DA:106,0
DA:109,0
DA:116,0
DA:117,0
DA:118,0
DA:119,0
DA:121,0
DA:122,0
DA:123,0
DA:124,0
DA:125,0
DA:126,0
DA:128,0
DA:129,0
DA:130,0
DA:131,0
DA:132,0
DA:133,0
DA:134,0
DA:135,0
DA:136,0
DA:139,0
DA:140,0
DA:141,0
DA:142,0
DA:143,0
DA:144,0
DA:148,0
DA:151,0
DA:157,0
DA:158,0
DA:159,0
DA:160,0
DA:162,0
DA:163,0
DA:164,0
DA:165,0
DA:166,0
DA:167,0
DA:169,0
DA:170,0
DA:171,0
DA:172,0
DA:173,0
DA:174,0
DA:175,0
DA:176,0
DA:177,0
DA:180,0
DA:181,0
DA:182,0
DA:183,0
DA:184,0
DA:185,0
DA:189,0
DA:192,48
DA:198,48
DA:200,48
DA:201,48
DA:202,0
DA:205,432
DA:206,768
DA:207,9888
DA:208,24096
DA:209,14592
DA:210,14592
DA:215,48
DA:218,48
DA:225,48
DA:226,432
DA:227,768
DA:228,6624
DA:230,16000
DA:233,9760
DA:234,9760
DA:239,48
DA:242,0
DA:249,0
DA:250,0
DA:251,0
DA:252,0
DA:254,0
DA:257,0
DA:258,0
DA:263,0
DA:266,0
DA:269,0
DA:272,0
DA:274,0
DA:275,0
DA:276,0
DA:278,0
DA:279,0
DA:281,0
DA:282,0
DA:283,0
DA:284,0
DA:285,0
DA:287,0
DA:288,0
DA:290,0
DA:291,0
DA:292,0
DA:293,0
DA:294,0
DA:295,0
DA:296,0
DA:297,0
DA:299,0
DA:300,0
DA:303,0
DA:304,0
DA:305,0
DA:306,0
DA:307,0
DA:309,0
DA:310,0
DA:314,0
DA:317,0
DA:319,0
DA:322,0
DA:324,0
DA:325,0
DA:326,0
DA:328,0
DA:329,0
DA:331,0
DA:332,0
DA:333,0
DA:334,0
DA:335,0
DA:337,0
DA:338,0
DA:340,0
DA:341,0
DA:342,0
DA:343,0
DA:344,0
DA:345,0
DA:346,0
DA:347,0
DA:349,0
DA:350,0
DA:353,0
DA:354,0
DA:355,0
DA:356,0
DA:357,0
DA:359,0
DA:360,0
DA:364,0
DA:367,0
DA:371,0
DA:374,0
DA:375,0
DA:376,0
DA:377,0
DA:378,0
DA:379,0
DA:380,0
DA:383,0
DA:384,0
DA:387,0
DA:389,0
DA:392,240
DA:401,240
DA:402,240
DA:403,240
DA:404,240
DA:405,240
DA:407,240
DA:409,96
DA:412,144
DA:415,240
DA:421,96
DA:422,48
DA:423,48
DA:425,48
DA:426,48
DA:427,48
DA:429,48
DA:430,0
DA:431,0
DA:432,0
DA:435,0
DA:438,0
DA:439,0
DA:440,0
DA:441,0
DA:443,0
DA:444,0
DA:447,0
DA:450,0
DA:451,0
DA:452,0
DA:453,0
DA:461,144
DA:462,48
DA:463,48
DA:465,48
DA:466,96
DA:467,96
DA:469,96
DA:470,0
DA:471,0
DA:472,0
DA:475,0
DA:478,0
DA:479,0
DA:480,0
DA:481,0
DA:483,0
DA:484,0
DA:487,0
DA:490,0
DA:491,0
DA:492,0
DA:493,0
DA:496,240
DA:497,240
DA:498,240
DA:499,240
DA:505,240
DA:509,240
DA:510,240
DA:511,240
DA:512,240
DA:513,240
DA:514,240
DA:515,240
DA:521,0
DA:526,0
DA:527,0
DA:528,0
DA:529,0
DA:530,0
DA:531,0
DA:532,0
DA:538,0
DA:543,0
DA:544,0
DA:545,0
DA:546,0
DA:547,0
DA:548,0
DA:549,0
DA:555,0
DA:560,0
DA:561,0
DA:562,0
DA:568,0
DA:573,0
DA:574,0
DA:575,0
DA:576,0
DA:577,0
DA:578,0
DA:584,72
DA:587,72
DA:589,72
DA:591,72
DA:592,72
DA:598,0
DA:601,0
DA:603,0
DA:605,0
DA:606,0
DA:612,0
DA:615,0
DA:617,0
DA:619,0
DA:620,0
DA:626,192
DA:629,192
DA:630,192
DA:631,192
DA:632,192
DA:633,192
DA:634,192
DA:640,264
DA:643,264
DA:647,264
DA:648,264
DA:649,264
DA:650,264
DA:651,264
DA:652,264
DA:653,264
DA:654,264
DA:656,264
DA:658,264
DA:659,264
DA:664,264
DA:666,264
DA:667,264
DA:668,96
DA:669,96
DA:670,96
DA:671,96
DA:677,264
DA:678,0
DA:680,0
DA:681,0
DA:683,0
DA:684,0
DA:687,0
DA:688,0
DA:692,264
DA:697,168
DA:698,34328
DA:699,34160
DA:705,168
DA:706,168
DA:707,168
DA:708,96
DA:709,96
DA:710,96
DA:711,96
DA:712,96
DA:713,72
DA:714,72
DA:715,72
DA:716,72
DA:717,0
DA:718,0
DA:722,168
DA:723,0
DA:724,0
DA:725,0
DA:726,0
DA:727,0
DA:728,0
DA:729,0
DA:730,0
DA:731,0
DA:732,0
DA:733,0
DA:734,0
DA:735,0
DA:737,168
DA:738,0
DA:739,0
DA:740,0
DA:741,0
DA:742,0
DA:743,0
DA:744,0
DA:745,0
DA:746,0
DA:747,0
DA:748,0
DA:749,0
DA:750,0
DA:756,264
DA:759,264
DA:760,264
DA:761,264
DA:762,264
DA:763,0
DA:766,264
DA:767,264
DA:768,264
DA:769,264
DA:770,264
DA:771,264
DA:772,264
LF:400
LH:145
end_of_record
TN:
SF:/home/jeremy/Dev/libCEED/backends/memcheck/ceed-memcheck-serial.c
FNL:0,17,35
FNA:0,24,CeedInit_Memcheck
FNL:1,40,40
FNA:1,192,CeedRegister_Memcheck_Serial
FNF:2
FNH:2
DA:17,24
DA:20,24
DA:24,24
DA:25,24
DA:26,24
DA:28,24
DA:29,24
DA:30,24
DA:31,24
DA:32,24
DA:33,24
DA:34,24
DA:40,192
LF:13
LH:13
end_of_record
TN:
SF:/home/jeremy/Dev/libCEED/backends/memcheck/ceed-memcheck-vector.c
FNL:0,102,113
FNA:0,144,CeedVectorSetValue_Memcheck
FNL:1,118,130
FNA:1,0,CeedVectorSetValueStrided_Memcheck
FNL:2,135,152
FNA:2,2352,CeedVectorSyncArray_Memcheck
FNL:3,157,181
FNA:3,0,CeedVectorTakeArray_Memcheck
FNL:4,186,201
FNA:4,2352,CeedVectorGetArray_Memcheck
FNL:5,206,223
FNA:5,3120,CeedVectorGetArrayRead_Memcheck
FNL:6,21,27
FNA:6,3240,CeedVectorHasValidArray_Memcheck
FNL:7,228,247
FNA:7,2232,CeedVectorGetArrayWrite_Memcheck
FNL:8,252,279
FNA:8,2352,CeedVectorRestoreArray_Memcheck
FNL:9,284,301
FNA:9,3120,CeedVectorRestoreArrayRead_Memcheck
FNL:10,306,317
FNA:10,0,CeedVectorReciprocal_Memcheck
FNL:11,32,40
FNA:11,0,CeedVectorHasBorrowedArrayOfType_Memcheck
FNL:12,322,331
FNA:12,0,CeedVectorScale_Memcheck
FNL:13,336,346
FNA:13,0,CeedVectorAXPY_Memcheck
FNL:14,351,361
FNA:14,0,CeedVectorAXPBY_Memcheck
FNL:15,366,379
FNA:15,0,CeedVectorPointwiseMult_Memcheck
FNL:16,384,402
FNA:16,864,CeedVectorDestroy_Memcheck
FNL:17,407,434
FNA:17,864,CeedVectorCreate_Memcheck
FNL:18,45,97
FNA:18,2544,CeedVectorSetArray_Memcheck
FNF:19
FNH:11
DA:21,3240
DA:24,3240
DA:25,3240
DA:26,3240
DA:32,0
DA:35,0
DA:37,0
DA:38,0
DA:39,0
DA:45,2544
DA:49,2544
DA:51,2544
DA:52,2544
DA:55,2544
DA:56,31648
DA:57,1680
DA:59,2544
DA:60,2544
DA:61,1968
DA:62,0
DA:63,0
DA:65,1968
DA:69,2544
DA:72,2544
DA:73,576
DA:75,576
DA:76,0
DA:77,0
DA:78,0
DA:79,0
DA:80,0
DA:81,1968
DA:82,1968
DA:83,1968
DA:84,1968
DA:85,1968
DA:89,2544
DA:90,2544
DA:91,2544
DA:92,1992
DA:94,359032
DA:96,2544
DA:102,144
DA:106,144
DA:107,144
DA:109,144
DA:110,144
DA:111,30960
DA:112,144
DA:118,0
DA:122,0
DA:123,0
DA:125,0
DA:126,0
DA:127,0
DA:128,0
DA:129,0
DA:135,2352
DA:139,2352
DA:141,2352
DA:142,2352
DA:145,2352
DA:146,0
DA:148,2352
DA:149,792
DA:151,2352
DA:157,0
DA:161,0
DA:163,0
DA:164,0
DA:167,0
DA:170,0
DA:171,0
DA:172,0
DA:175,0
DA:176,0
DA:177,0
DA:179,0
DA:180,0
DA:186,2352
DA:190,2352
DA:192,2352
DA:193,2352
DA:196,2352
DA:197,2352
DA:198,2352
DA:199,2352
DA:200,2352
DA:206,3120
DA:210,3120
DA:212,3120
DA:213,3120
DA:216,3120
DA:217,3120
DA:218,3120
DA:219,3120
DA:221,3120
DA:222,3120
DA:228,2232
DA:232,2232
DA:234,2232
DA:235,2232
DA:238,2232
DA:241,2232
DA:244,417752
DA:245,2232
DA:246,2232
DA:252,2352
DA:256,2352
DA:257,2352
DA:260,2352
DA:261,417752
DA:262,415520
DA:263,0
DA:267,2232
DA:271,2352
DA:272,2352
DA:275,449456
DA:276,2352
DA:277,2352
DA:278,2352
DA:284,3120
DA:288,3120
DA:289,3120
DA:292,3120
DA:294,3120
DA:297,503680
DA:298,3120
DA:299,3120
DA:300,3120
DA:306,0
DA:310,0
DA:311,0
DA:313,0
DA:314,0
DA:316,0
DA:322,0
DA:326,0
DA:327,0
DA:329,0
DA:330,0
DA:336,0
DA:340,0
DA:341,0
DA:342,0
DA:344,0
DA:345,0
DA:351,0
DA:355,0
DA:356,0
DA:357,0
DA:359,0
DA:360,0
DA:366,0
DA:370,0
DA:371,0
DA:372,0
DA:373,0
DA:375,0
DA:376,0
DA:377,0
DA:378,0
DA:384,864
DA:388,864
DA:389,864
DA:390,864
DA:391,864
DA:393,864
DA:394,0
DA:395,0
DA:397,864
DA:398,288
DA:400,864
DA:401,864
DA:407,864
DA:411,864
DA:412,864
DA:413,864
DA:414,864
DA:415,864
DA:416,864
DA:417,864
DA:418,864
DA:419,864
DA:420,864
DA:421,864
DA:422,864
DA:423,864
DA:424,864
DA:425,864
DA:426,864
DA:427,864
DA:428,864
DA:429,864
DA:430,864
DA:431,864
DA:432,864
DA:433,864
LF:198
LH:129
end_of_record
TN:
SF:/home/jeremy/Dev/libCEED/backends/opt/ceed-opt-blocked.c
FNL:0,18,24
FNA:0,48,CeedDestroy_Opt
FNL:1,29,51
FNA:1,48,CeedInit_Opt_Blocked
FNL:2,56,56
FNA:2,192,CeedRegister_Opt_Blocked
FNF:3
FNH:3
DA:18,48
DA:21,48
DA:22,48
DA:23,48
DA:29,48
DA:33,48
DA:35,48
DA:38,48
DA:39,48
DA:40,48
DA:42,48
DA:43,48
DA:44,48
DA:47,48
DA:48,48
DA:49,48
DA:50,48
DA:56,192
LF:18
LH:18
end_of_record
TN:
SF:/home/jeremy/Dev/libCEED/backends/opt/ceed-opt-operator.c
FNL:0,19,200
FNA:0,384,CeedOperatorSetupFields_Opt
FNL:1,205,272
FNA:1,192,CeedOperatorSetup_Opt
FNL:2,277,312
FNA:2,192,CeedOperatorSetupInputs_Opt
FNL:3,317,368
FNA:3,1536,CeedOperatorInputBasis_Opt
FNL:4,373,418
FNA:4,1536,CeedOperatorOutputBasis_Opt
FNL:5,423,437
FNA:5,192,CeedOperatorRestoreInputs_Opt
FNL:6,442,513
FNA:6,192,CeedOperatorApplyAdd_Opt
FNL:7,518,726
FNA:7,0,CeedOperatorLinearAssembleQFunctionCore_Opt
FNL:8,731,733
FNA:8,0,CeedOperatorLinearAssembleQFunction_Opt
FNL:9,738,740
FNA:9,0,CeedOperatorLinearAssembleQFunctionUpdate_Opt
FNL:10,745,780
FNA:10,192,CeedOperatorDestroy_Opt
FNL:11,785,805
FNA:11,192,CeedOperatorCreate_Opt
FNF:12
FNH:9
DA:19,384
DA:31,384
DA:32,384
DA:33,384
DA:34,384
DA:36,384
DA:37,192
DA:38,192
DA:40,192
DA:41,192
DA:45,960
DA:49,576
DA:50,576
DA:57,480
DA:58,480
DA:59,480
DA:60,480
DA:61,480
DA:62,480
DA:63,480
DA:65,480
DA:66,480
DA:67,288
DA:68,288
DA:70,288
DA:71,288
DA:73,288
DA:74,288
DA:75,0
DA:76,0
DA:77,0
DA:79,0
DA:80,0
DA:81,0
DA:83,0
DA:84,0
DA:85,0
DA:86,0
DA:87,0
DA:88,0
DA:90,0
DA:91,0
DA:92,0
DA:95,0
DA:96,0
DA:97,0
DA:98,192
DA:101,192
DA:102,192
DA:104,192
DA:105,0
DA:107,0
DA:109,480
DA:110,480
DA:111,480
DA:114,576
DA:115,192
DA:116,192
DA:117,192
DA:118,192
DA:119,192
DA:120,192
DA:121,192
DA:122,288
DA:126,288
DA:127,288
DA:128,288
DA:129,288
DA:130,288
DA:131,288
DA:132,288
DA:133,288
DA:134,288
DA:135,288
DA:136,96
DA:137,96
DA:138,96
DA:139,96
DA:140,96
DA:141,96
DA:142,96
DA:145,576
DA:148,384
DA:149,576
DA:153,384
DA:154,384
DA:155,576
DA:159,192
DA:160,192
DA:161,192
DA:162,0
DA:163,0
DA:164,0
DA:166,192
DA:167,192
DA:169,384
DA:170,384
DA:173,384
DA:177,192
DA:178,192
DA:179,192
DA:183,0
DA:184,0
DA:185,0
DA:186,0
DA:187,0
DA:188,0
DA:189,0
DA:191,0
DA:192,0
DA:194,192
DA:195,192
DA:198,384
DA:199,384
DA:205,192
DA:215,192
DA:216,192
DA:218,192
DA:219,192
DA:220,192
DA:221,192
DA:222,192
DA:223,192
DA:224,192
DA:225,192
DA:226,192
DA:227,192
DA:230,192
DA:231,192
DA:233,192
DA:234,192
DA:235,192
DA:236,192
DA:237,192
DA:238,192
DA:239,192
DA:240,192
DA:242,192
DA:243,192
DA:247,192
DA:250,192
DA:254,192
DA:258,0
DA:259,0
DA:260,0
DA:262,0
DA:263,0
DA:265,0
DA:269,192
DA:270,192
DA:271,192
DA:277,192
DA:280,576
DA:283,384
DA:284,384
DA:290,288
DA:291,288
DA:293,96
DA:294,96
DA:295,96
DA:297,96
DA:299,96
DA:302,192
DA:303,0
DA:304,0
DA:305,0
DA:308,288
DA:311,192
DA:317,1536
DA:320,4608
DA:329,3072
DA:330,3072
DA:331,3072
DA:332,3072
DA:335,3072
DA:336,3072
DA:337,3072
DA:338,3072
DA:339,3072
DA:341,3072
DA:342,1536
DA:345,3072
DA:346,768
DA:347,768
DA:348,768
DA:350,768
DA:351,1536
DA:355,1536
DA:356,1536
DA:357,0
DA:358,0
DA:360,1536
DA:361,1536
DA:362,1536
DA:363,768
DA:364,768
DA:367,1536
DA:373,1536
DA:376,3072
DA:383,1536
DA:385,1536
DA:386,768
DA:387,768
DA:388,768
DA:392,768
DA:393,768
DA:394,0
DA:396,768
DA:398,768
DA:399,768
DA:407,1536
DA:409,1536
DA:410,1536
DA:411,1536
DA:413,1536
DA:415,1536
DA:417,1536
DA:423,192
DA:425,576
DA:429,384
DA:430,384
DA:431,384
DA:432,96
DA:434,384
DA:436,192
DA:442,192
DA:447,192
DA:454,192
DA:456,192
DA:457,192
DA:458,192
DA:459,192
DA:460,192
DA:461,192
DA:462,192
DA:465,192
DA:466,0
DA:467,0
DA:468,0
DA:470,0
DA:473,192
DA:474,192
DA:475,192
DA:476,192
DA:479,192
DA:482,384
DA:484,192
DA:485,192
DA:487,96
DA:488,96
DA:489,96
DA:494,1728
DA:496,1536
DA:500,1536
DA:501,1536
DA:505,1536
DA:510,192
DA:511,192
DA:512,192
DA:518,0
DA:523,0
DA:529,0
DA:530,0
DA:531,0
DA:532,0
DA:533,0
DA:535,0
DA:536,0
DA:537,0
DA:538,0
DA:539,0
DA:540,0
DA:541,0
DA:542,0
DA:543,0
DA:546,0
DA:549,0
DA:552,0
DA:555,0
DA:556,0
DA:561,0
DA:562,0
DA:563,0
DA:564,0
DA:565,0
DA:567,0
DA:569,0
DA:570,0
DA:574,0
DA:575,0
DA:580,0
DA:581,0
DA:582,0
DA:583,0
DA:585,0
DA:587,0
DA:588,0
DA:592,0
DA:593,0
DA:595,0
DA:596,0
DA:597,0
DA:601,0
DA:602,0
DA:604,0
DA:606,0
DA:610,0
DA:611,0
DA:612,0
DA:615,0
DA:618,0
DA:622,0
DA:623,0
DA:624,0
DA:627,0
DA:631,0
DA:637,0
DA:638,0
DA:639,0
DA:640,0
DA:641,0
DA:642,0
DA:647,0
DA:648,0
DA:649,0
DA:652,0
DA:654,0
DA:658,0
DA:659,0
DA:662,0
DA:663,0
DA:664,0
DA:666,0
DA:669,0
DA:675,0
DA:676,0
DA:677,0
DA:678,0
DA:679,0
DA:685,0
DA:686,0
DA:687,0
DA:693,0
DA:694,0
DA:698,0
DA:699,0
DA:700,0
DA:702,0
DA:707,0
DA:708,0
DA:712,0
DA:716,0
DA:717,0
DA:718,0
DA:722,0
DA:723,0
DA:724,0
DA:725,0
DA:731,0
DA:732,0
DA:738,0
DA:739,0
DA:745,192
DA:748,192
DA:749,768
DA:750,576
DA:751,576
DA:753,192
DA:754,192
DA:755,192
DA:756,192
DA:757,192
DA:758,192
DA:760,576
DA:761,384
DA:762,384
DA:764,192
DA:765,192
DA:767,384
DA:768,192
DA:769,192
DA:771,192
DA:772,192
DA:775,192
DA:776,192
DA:778,192
DA:779,192
DA:785,192
DA:790,192
DA:791,192
DA:792,192
DA:794,192
DA:795,192
DA:797,192
DA:799,192
DA:800,192
DA:801,192
DA:802,192
DA:803,192
DA:804,192
LF:400
LH:249
end_of_record
TN:
SF:/home/jeremy/Dev/libCEED/backends/opt/ceed-opt-serial.c
FNL:0,18,24
FNA:0,48,CeedDestroy_Opt
FNL:1,29,51
FNA:1,48,CeedInit_Opt_Serial
FNL:2,56,56
FNA:2,192,CeedRegister_Opt_Serial
FNF:3
FNH:3
DA:18,48
DA:21,48
DA:22,48
DA:23,48
DA:29,48
DA:33,48
DA:35,48
DA:38,48
DA:39,48
DA:40,48
DA:42,48
DA:43,48
DA:44,48
DA:47,48
DA:48,48
DA:49,48
DA:50,48
DA:56,192
LF:18
LH:18
end_of_record
TN:
SF:/home/jeremy/Dev/libCEED/backends/opt/ceed-opt-tensor.c
FNL:0,16,35
FNA:0,2016,CeedTensorContractApply_Core_Opt
FNL:1,40,49
FNA:1,2016,CeedTensorContractApply_Opt
FNL:2,54,57
FNA:2,96,CeedTensorContractCreate_Opt
FNF:3
FNH:3
DA:16,2016
DA:19,2016
DA:21,2016
DA:22,504
DA:23,504
DA:26,13080
DA:27,72600
DA:28,419808
DA:29,358272
DA:30,2727456
DA:34,2016
DA:40,2016
DA:42,2016
DA:43,415104
DA:46,2016
DA:47,672
DA:54,96
DA:55,96
DA:56,96
LF:19
LH:19
end_of_record
TN:
SF:/home/jeremy/Dev/libCEED/backends/ref/ceed-ref-basis.c
FNL:0,19,251
FNA:0,4800,CeedBasisApplyCore_Ref
FNL:1,253,256
FNA:1,4800,CeedBasisApply_Ref
FNL:2,258,261
FNA:2,0,CeedBasisApplyAdd_Ref
FNL:3,266,273
FNA:3,384,CeedBasisDestroyTensor_Ref
FNL:4,278,306
FNA:4,384,CeedBasisCreateTensorH1_Ref
FNL:5,311,328
FNA:5,0,CeedBasisCreateH1_Ref
FNL:6,333,350
FNA:6,0,CeedBasisCreateHdiv_Ref
FNL:7,355,372
FNA:7,0,CeedBasisCreateHcurl_Ref
FNF:8
FNH:4
DA:19,4800
DA:21,4800
DA:28,4800
DA:29,4800
DA:30,4800
DA:31,4800
DA:32,4800
DA:33,4800
DA:34,4800
DA:35,4800
DA:36,192
DA:38,4800
DA:39,4800
DA:41,4800
DA:44,1536
DA:45,64576
DA:48,4800
DA:49,4800
DA:53,4800
DA:54,4800
DA:55,4800
DA:57,3072
DA:58,3072
DA:59,0
DA:60,3072
DA:61,3072
DA:63,3072
DA:64,1536
DA:65,1536
DA:67,3072
DA:68,3072
DA:71,3072
DA:72,7104
DA:73,4032
DA:75,4032
DA:76,4032
DA:79,3072
DA:81,1536
DA:86,1536
DA:88,1536
DA:89,0
DA:90,0
DA:92,1536
DA:95,1536
DA:96,1536
DA:97,1536
DA:98,1536
DA:102,3552
DA:103,2016
DA:107,2016
DA:108,2016
DA:112,1536
DA:113,1536
DA:114,0
DA:115,0
DA:117,1536
DA:118,3552
DA:119,2016
DA:124,2016
DA:125,2016
DA:127,0
DA:130,0
DA:133,0
DA:135,0
DA:136,0
DA:139,0
DA:140,0
DA:142,0
DA:145,0
DA:147,0
DA:148,0
DA:149,0
DA:151,0
DA:154,0
DA:155,0
DA:157,0
DA:158,0
DA:162,0
DA:163,0
DA:167,1536
DA:169,192
DA:170,192
DA:173,192
DA:174,192
DA:175,576
DA:176,384
DA:178,3648
DA:179,22848
DA:180,66048
DA:181,46464
DA:183,255552
DA:188,192
DA:199,0
DA:201,0
DA:203,0
DA:206,0
DA:207,0
DA:208,0
DA:210,0
DA:213,0
DA:214,0
DA:215,0
DA:217,0
DA:220,0
DA:221,0
DA:222,0
DA:224,0
DA:227,0
DA:228,0
DA:229,0
DA:231,0
DA:234,0
DA:235,0
DA:236,0
DA:237,0
DA:239,0
DA:246,4800
DA:247,4608
DA:249,4800
DA:250,4800
DA:253,4800
DA:254,4800
DA:255,4800
DA:258,0
DA:259,0
DA:260,0
DA:266,384
DA:269,384
DA:270,384
DA:271,384
DA:272,384
DA:278,384
DA:284,384
DA:285,384
DA:287,384
DA:289,384
DA:290,384
DA:291,384
DA:292,384
DA:294,384
DA:296,384
DA:297,384
DA:298,384
DA:300,384
DA:301,384
DA:302,384
DA:303,384
DA:304,384
DA:305,384
DA:311,0
DA:316,0
DA:317,0
DA:319,0
DA:320,0
DA:321,0
DA:323,0
DA:324,0
DA:325,0
DA:326,0
DA:327,0
DA:333,0
DA:338,0
DA:339,0
DA:341,0
DA:342,0
DA:343,0
DA:345,0
DA:346,0
DA:347,0
DA:348,0
DA:349,0
DA:355,0
DA:360,0
DA:361,0
DA:363,0
DA:364,0
DA:365,0
DA:367,0
DA:368,0
DA:369,0
DA:370,0
DA:371,0
LF:182
LH:98
end_of_record
TN:
SF:/home/jeremy/Dev/libCEED/backends/ref/ceed-ref-operator.c
FNL:0,1025,1084
FNA:0,0,CeedOperatorApplyAddAtPoints_Ref
FNL:1,1089,1310
FNA:1,0,CeedOperatorLinearAssembleQFunctionAtPointsCore_Ref
FNL:2,1315,1317
FNA:2,0,CeedOperatorLinearAssembleQFunctionAtPoints_Ref
FNL:3,1322,1325
FNA:3,0,CeedOperatorLinearAssembleQFunctionAtPointsUpdate_Ref
FNL:4,1330,1528
FNA:4,0,CeedOperatorLinearAssembleAddDiagonalAtPoints_Ref
FNL:5,145,206
FNA:5,96,CeedOperatorSetup_Ref
FNL:6,1533,1735
FNA:6,0,CeedOperatorAssembleSingleAtPoints_Ref
FNL:7,1740,1771
FNA:7,96,CeedOperatorDestroy_Ref
FNL:8,1776,1789
FNA:8,96,CeedOperatorCreate_Ref
FNL:9,1794,1810
FNA:9,0,CeedOperatorCreateAtPoints_Ref
FNL:10,19,140
FNA:10,192,CeedOperatorSetupFields_Ref
FNL:11,211,249
FNA:11,96,CeedOperatorSetupInputs_Ref
FNL:12,254,299
FNA:12,1344,CeedOperatorInputBasis_Ref
FNL:13,304,345
FNA:13,1344,CeedOperatorOutputBasis_Ref
FNL:14,350,373
FNA:14,96,CeedOperatorRestoreInputs_Ref
FNL:15,378,473
FNA:15,96,CeedOperatorApplyAdd_Ref
FNL:16,478,654
FNA:16,0,CeedOperatorLinearAssembleQFunctionCore_Ref
FNL:17,659,661
FNA:17,0,CeedOperatorLinearAssembleQFunction_Ref
FNL:18,666,668
FNA:18,0,CeedOperatorLinearAssembleQFunctionUpdate_Ref
FNL:19,673,827
FNA:19,0,CeedOperatorSetupFieldsAtPoints_Ref
FNL:20,832,882
FNA:20,0,CeedOperatorSetupAtPoints_Ref
FNL:21,887,949
FNA:21,0,CeedOperatorInputBasisAtPoints_Ref
FNL:22,954,1020
FNA:22,0,CeedOperatorOutputBasisAtPoints_Ref
FNF:23
FNH:9
DA:19,192
DA:31,192
DA:32,192
DA:33,192
DA:34,192
DA:36,192
DA:37,96
DA:38,96
DA:40,96
DA:41,96
DA:45,480
DA:50,288
DA:51,288
DA:52,240
DA:53,240
DA:54,240
DA:57,288
DA:58,96
DA:59,96
DA:60,96
DA:61,96
DA:62,96
DA:63,144
DA:67,144
DA:68,144
DA:69,144
DA:70,144
DA:71,144
DA:72,144
DA:73,144
DA:74,144
DA:75,144
DA:76,144
DA:77,48
DA:78,48
DA:79,48
DA:80,48
DA:81,48
DA:82,48
DA:83,48
DA:87,192
DA:88,288
DA:92,192
DA:93,192
DA:94,288
DA:98,96
DA:99,96
DA:100,96
DA:101,0
DA:102,0
DA:103,0
DA:105,96
DA:106,96
DA:108,192
DA:109,192
DA:112,192
DA:116,96
DA:117,96
DA:118,96
DA:122,0
DA:123,0
DA:124,0
DA:125,0
DA:126,0
DA:127,0
DA:128,0
DA:129,0
DA:131,0
DA:132,0
DA:134,96
DA:135,96
DA:138,192
DA:139,192
DA:145,96
DA:153,96
DA:154,96
DA:156,96
DA:157,96
DA:158,96
DA:159,96
DA:160,96
DA:161,96
DA:164,96
DA:166,96
DA:167,96
DA:168,96
DA:169,96
DA:170,96
DA:171,96
DA:172,96
DA:173,96
DA:174,96
DA:176,96
DA:177,96
DA:181,96
DA:184,96
DA:188,96
DA:192,0
DA:193,0
DA:194,0
DA:196,0
DA:197,0
DA:199,0
DA:203,96
DA:204,96
DA:205,96
DA:211,96
DA:214,288
DA:221,192
DA:222,192
DA:223,192
DA:224,96
DA:225,96
DA:228,192
DA:230,192
DA:233,144
DA:235,144
DA:238,144
DA:239,144
DA:240,144
DA:242,144
DA:244,144
DA:246,192
DA:248,96
DA:254,1344
DA:257,4032
DA:264,2688
DA:268,0
DA:269,0
DA:270,0
DA:271,0
DA:274,2688
DA:275,2688
DA:276,2688
DA:277,2688
DA:278,2688
DA:280,2688
DA:281,672
DA:282,672
DA:283,672
DA:284,1344
DA:288,1344
DA:289,1344
DA:290,1344
DA:291,1344
DA:292,1344
DA:293,1344
DA:294,672
DA:295,672
DA:298,1344
DA:304,1344
DA:307,2688
DA:314,1344
DA:315,1344
DA:316,1344
DA:317,1344
DA:319,1344
DA:320,672
DA:321,672
DA:322,672
DA:326,672
DA:327,672
DA:328,672
DA:330,672
DA:331,0
DA:333,672
DA:335,672
DA:336,672
DA:344,1344
DA:350,96
DA:352,288
DA:356,192
DA:360,0
DA:361,0
DA:362,0
DA:363,0
DA:366,192
DA:367,192
DA:369,144
DA:372,96
DA:378,96
DA:381,96
DA:388,96
DA:390,96
DA:391,96
DA:394,96
DA:397,0
DA:398,0
DA:399,0
DA:400,0
DA:401,0
DA:402,0
DA:403,0
DA:406,96
DA:407,96
DA:408,96
DA:409,96
DA:412,96
DA:415,192
DA:416,96
DA:417,0
DA:419,96
DA:424,1440
DA:426,2688
DA:427,1344
DA:428,1344
DA:429,672
DA:430,672
DA:436,1344
DA:439,1344
DA:440,1344
DA:444,1344
DA:449,192
DA:454,96
DA:456,96
DA:458,96
DA:460,96
DA:461,96
DA:463,96
DA:464,96
DA:465,96
DA:466,96
DA:470,96
DA:471,96
DA:472,96
DA:478,0
DA:482,0
DA:488,0
DA:489,0
DA:490,0
DA:491,0
DA:492,0
DA:493,0
DA:494,0
DA:495,0
DA:496,0
DA:499,0
DA:502,0
DA:505,0
DA:508,0
DA:509,0
DA:514,0
DA:516,0
DA:517,0
DA:518,0
DA:519,0
DA:521,0
DA:523,0
DA:524,0
DA:528,0
DA:529,0
DA:534,0
DA:536,0
DA:537,0
DA:538,0
DA:540,0
DA:542,0
DA:543,0
DA:547,0
DA:548,0
DA:549,0
DA:552,0
DA:555,0
DA:558,0
DA:559,0
DA:562,0
DA:564,0
DA:568,0
DA:574,0
DA:575,0
DA:576,0
DA:577,0
DA:578,0
DA:579,0
DA:584,0
DA:585,0
DA:586,0
DA:589,0
DA:591,0
DA:595,0
DA:597,0
DA:600,0
DA:601,0
DA:602,0
DA:604,0
DA:607,0
DA:613,0
DA:614,0
DA:615,0
DA:616,0
DA:617,0
DA:623,0
DA:624,0
DA:625,0
DA:632,0
DA:633,0
DA:637,0
DA:639,0
DA:640,0
DA:642,0
DA:647,0
DA:650,0
DA:651,0
DA:652,0
DA:653,0
DA:659,0
DA:660,0
DA:666,0
DA:667,0
DA:673,0
DA:685,0
DA:686,0
DA:687,0
DA:688,0
DA:690,0
DA:691,0
DA:692,0
DA:694,0
DA:695,0
DA:701,0
DA:704,0
DA:705,0
DA:706,0
DA:707,0
DA:708,0
DA:709,0
DA:710,0
DA:711,0
DA:716,0
DA:720,0
DA:721,0
DA:724,0
DA:725,0
DA:726,0
DA:727,0
DA:730,0
DA:731,0
DA:734,0
DA:735,0
DA:736,0
DA:737,0
DA:738,0
DA:739,0
DA:741,0
DA:742,0
DA:744,0
DA:745,0
DA:747,0
DA:751,0
DA:752,0
DA:753,0
DA:754,0
DA:755,0
DA:756,0
DA:757,0
DA:758,0
DA:759,0
DA:760,0
DA:761,0
DA:762,0
DA:763,0
DA:764,0
DA:765,0
DA:767,0
DA:768,0
DA:771,0
DA:772,0
DA:775,0
DA:776,0
DA:780,0
DA:781,0
DA:782,0
DA:786,0
DA:787,0
DA:788,0
DA:789,0
DA:790,0
DA:791,0
DA:793,0
DA:794,0
DA:796,0
DA:797,0
DA:800,0
DA:804,0
DA:805,0
DA:806,0
DA:810,0
DA:811,0
DA:812,0
DA:813,0
DA:814,0
DA:815,0
DA:816,0
DA:818,0
DA:819,0
DA:821,0
DA:822,0
DA:825,0
DA:826,0
DA:832,0
DA:840,0
DA:841,0
DA:843,0
DA:844,0
DA:845,0
DA:846,0
DA:847,0
DA:848,0
DA:851,0
DA:853,0
DA:854,0
DA:855,0
DA:856,0
DA:857,0
DA:858,0
DA:859,0
DA:860,0
DA:862,0
DA:863,0
DA:867,0
DA:870,0
DA:874,0
DA:875,0
DA:876,0
DA:879,0
DA:880,0
DA:881,0
DA:887,0
DA:891,0
DA:901,0
DA:902,0
DA:903,0
DA:904,0
DA:905,0
DA:908,0
DA:909,0
DA:910,0
DA:911,0
DA:914,0
DA:915,0
DA:916,0
DA:918,0
DA:922,0
DA:923,0
DA:924,0
DA:925,0
DA:927,0
DA:929,0
DA:933,0
DA:934,0
DA:935,0
DA:936,0
DA:937,0
DA:939,0
DA:941,0
DA:942,0
DA:943,0
DA:944,0
DA:946,0
DA:948,0
DA:954,0
DA:958,0
DA:967,0
DA:968,0
DA:969,0
DA:970,0
DA:973,0
DA:974,0
DA:976,0
DA:977,0
DA:978,0
DA:979,0
DA:983,0
DA:984,0
DA:985,0
DA:988,0
DA:991,0
DA:992,0
DA:1001,0
DA:1002,0
DA:1003,0
DA:1007,0
DA:1008,0
DA:1009,0
DA:1011,0
DA:1012,0
DA:1014,0
DA:1016,0
DA:1017,0
DA:1019,0
DA:1025,0
DA:1026,0
DA:1027,0
DA:1028,0
DA:1029,0
DA:1035,0
DA:1036,0
DA:1037,0
DA:1038,0
DA:1039,0
DA:1042,0
DA:1045,0
DA:1048,0
DA:1051,0
DA:1055,0
DA:1056,0
DA:1057,0
DA:1060,0
DA:1064,0
DA:1065,0
DA:1069,0
DA:1073,0
DA:1077,0
DA:1080,0
DA:1081,0
DA:1082,0
DA:1083,0
DA:1089,0
DA:1092,0
DA:1093,0
DA:1094,0
DA:1099,0
DA:1101,0
DA:1102,0
DA:1103,0
DA:1104,0
DA:1105,0
DA:1106,0
DA:1107,0
DA:1108,0
DA:1111,0
DA:1114,0
DA:1117,0
DA:1118,0
DA:1121,0
DA:1124,0
DA:1125,0
DA:1130,0
DA:1132,0
DA:1136,0
DA:1138,0
DA:1139,0
DA:1140,0
DA:1141,0
DA:1144,0
DA:1145,0
DA:1147,0
DA:1149,0
DA:1150,0
DA:1154,0
DA:1155,0
DA:1160,0
DA:1162,0
DA:1166,0
DA:1168,0
DA:1169,0
DA:1170,0
DA:1171,0
DA:1174,0
DA:1175,0
DA:1176,0
DA:1178,0
DA:1180,0
DA:1181,0
DA:1185,0
DA:1189,0
DA:1192,0
DA:1193,0
DA:1195,0
DA:1198,0
DA:1201,0
DA:1202,0
DA:1205,0
DA:1209,0
DA:1210,0
DA:1211,0
DA:1214,0
DA:1218,0
DA:1224,0
DA:1225,0
DA:1226,0
DA:1228,0
DA:1230,0
DA:1231,0
DA:1236,0
DA:1237,0
DA:1238,0
DA:1241,0
DA:1243,0
DA:1248,0
DA:1250,0
DA:1251,0
DA:1252,0
DA:1253,0
DA:1255,0
DA:1258,0
DA:1264,0
DA:1265,0
DA:1266,0
DA:1267,0
DA:1268,0
DA:1274,0
DA:1275,0
DA:1276,0
DA:1280,0
DA:1284,0
DA:1285,0
DA:1289,0
DA:1291,0
DA:1292,0
DA:1294,0
DA:1299,0
DA:1302,0
DA:1305,0
DA:1306,0
DA:1307,0
DA:1308,0
DA:1309,0
DA:1315,0
DA:1316,0
DA:1322,0
DA:1324,0
DA:1330,0
DA:1331,0
DA:1332,0
DA:1334,0
DA:1335,0
DA:1341,0
DA:1342,0
DA:1343,0
DA:1344,0
DA:1345,0
DA:1348,0
DA:1354,0
DA:1355,0
DA:1356,0
DA:1357,0
DA:1361,0
DA:1367,0
DA:1368,0
DA:1369,0
DA:1370,0
DA:1374,0
DA:1378,0
DA:1379,0
DA:1380,0
DA:1381,0
DA:1382,0
DA:1386,0
DA:1389,0
DA:1390,0
DA:1393,0
DA:1394,0
DA:1395,0
DA:1398,0
DA:1402,0
DA:1403,0
DA:1404,0
DA:1410,0
DA:1411,0
DA:1412,0
DA:1413,0
DA:1416,0
DA:1417,0
DA:1418,0
DA:1419,0
DA:1420,0
DA:1421,0
DA:1422,0
DA:1424,0
DA:1425,0
DA:1430,0
DA:1431,0
DA:1432,0
DA:1433,0
DA:1436,0
DA:1440,0
DA:1441,0
DA:1445,0
DA:1450,0
DA:1452,0
DA:1458,0
DA:1459,0
DA:1460,0
DA:1461,0
DA:1464,0
DA:1465,0
DA:1466,0
DA:1467,0
DA:1468,0
DA:1470,0
DA:1471,0
DA:1473,0
DA:1476,0
DA:1478,0
DA:1479,0
DA:1480,0
DA:1481,0
DA:1486,0
DA:1488,0
DA:1489,0
DA:1490,0
DA:1491,0
DA:1492,0
DA:1493,0
DA:1494,0
DA:1497,0
DA:1498,0
DA:1500,0
DA:1502,0
DA:1505,0
DA:1508,0
DA:1509,0
DA:1510,0
DA:1514,0
DA:1518,0
DA:1521,0
DA:1522,0
DA:1523,0
DA:1524,0
DA:1525,0
DA:1526,0
DA:1527,0
DA:1533,0
DA:1534,0
DA:1535,0
DA:1537,0
DA:1538,0
DA:1544,0
DA:1545,0
DA:1546,0
DA:1547,0
DA:1548,0
DA:1551,0
DA:1557,0
DA:1558,0
DA:1559,0
DA:1560,0
DA:1564,0
DA:1570,0
DA:1571,0
DA:1572,0
DA:1573,0
DA:1577,0
DA:1580,0
DA:1584,0
DA:1585,0
DA:1586,0
DA:1587,0
DA:1588,0
DA:1592,0
DA:1595,0
DA:1596,0
DA:1599,0
DA:1601,0
DA:1602,0
DA:1605,0
DA:1609,0
DA:1610,0
DA:1611,0
DA:1617,0
DA:1618,0
DA:1619,0
DA:1620,0
DA:1623,0
DA:1624,0
DA:1625,0
DA:1626,0
DA:1627,0
DA:1628,0
DA:1629,0
DA:1631,0
DA:1632,0
DA:1633,0
DA:1634,0
DA:1640,0
DA:1641,0
DA:1642,0
DA:1643,0
DA:1644,0
DA:1647,0
DA:1651,0
DA:1652,0
DA:1656,0
DA:1661,0
DA:1663,0
DA:1669,0
DA:1670,0
DA:1671,0
DA:1672,0
DA:1675,0
DA:1676,0
DA:1677,0
DA:1678,0
DA:1679,0
DA:1681,0
DA:1682,0
DA:1684,0
DA:1687,0
DA:1689,0
DA:1690,0
DA:1691,0
DA:1697,0
DA:1698,0
DA:1699,0
DA:1700,0
DA:1702,0
DA:1703,0
DA:1705,0
DA:1709,0
DA:1712,0
DA:1713,0
DA:1714,0
DA:1718,0
DA:1722,0
DA:1725,0
DA:1728,0
DA:1729,0
DA:1730,0
DA:1731,0
DA:1732,0
DA:1733,0
DA:1734,0
DA:1740,96
DA:1743,96
DA:1744,96
DA:1745,96
DA:1746,96
DA:1747,96
DA:1748,384
DA:1749,288
DA:1751,96
DA:1752,96
DA:1754,288
DA:1755,192
DA:1756,192
DA:1758,96
DA:1759,96
DA:1761,192
DA:1762,96
DA:1763,96
DA:1765,96
DA:1766,96
DA:1767,96
DA:1769,96
DA:1770,96
DA:1776,96
DA:1780,96
DA:1781,96
DA:1782,96
DA:1783,96
DA:1784,96
DA:1785,96
DA:1786,96
DA:1787,96
DA:1788,96
DA:1794,0
DA:1798,0
DA:1799,0
DA:1800,0
DA:1801,0
DA:1802,0
DA:1804,0
DA:1805,0
DA:1806,0
DA:1807,0
DA:1808,0
DA:1809,0
LF:868
LH:222
end_of_record
TN:
SF:/home/jeremy/Dev/libCEED/backends/ref/ceed-ref-qfunction.c
FNL:0,17,45
FNA:0,2304,CeedQFunctionApply_Ref
FNL:1,50,58
FNA:1,288,CeedQFunctionDestroy_Ref
FNL:2,63,76
FNA:2,288,CeedQFunctionCreate_Ref
FNF:3
FNH:3
DA:17,2304
DA:18,2304
DA:20,2304
DA:23,2304
DA:24,2304
DA:25,2304
DA:26,2304
DA:28,6912
DA:29,4608
DA:31,4608
DA:32,2304
DA:35,2304
DA:37,6912
DA:38,4608
DA:40,4608
DA:41,2304
DA:43,2304
DA:44,2304
DA:50,288
DA:53,288
DA:54,288
DA:55,288
DA:56,288
DA:57,288
DA:63,288
DA:67,288
DA:68,288
DA:69,288
DA:70,288
DA:71,288
DA:72,288
DA:73,288
DA:74,288
DA:75,288
LF:34
LH:34
end_of_record
TN:
SF:/home/jeremy/Dev/libCEED/backends/ref/ceed-ref-qfunctioncontext.c
FNL:0,103,103
FNA:0,1188,CeedQFunctionContextRestoreData_Ref
FNL:1,108,115
FNA:1,216,CeedQFunctionContextDestroy_Ref
FNL:2,120,138
FNA:2,216,CeedQFunctionContextCreate_Ref
FNL:3,18,24
FNA:3,1188,CeedQFunctionContextHasValidData_Ref
FNL:4,29,36
FNA:4,0,CeedQFunctionContextHasBorrowedDataOfType_Ref
FNL:5,41,68
FNA:5,216,CeedQFunctionContextSetData_Ref
FNL:6,73,84
FNA:6,0,CeedQFunctionContextTakeData_Ref
FNL:7,89,98
FNA:7,1188,CeedQFunctionContextGetData_Ref
FNF:8
FNH:6
DA:18,1188
DA:21,1188
DA:22,1188
DA:23,1188
DA:29,0
DA:32,0
DA:33,0
DA:34,0
DA:35,0
DA:41,216
DA:45,216
DA:46,216
DA:48,216
DA:50,216
DA:51,216
DA:52,0
DA:53,0
DA:54,0
DA:55,0
DA:56,0
DA:57,0
DA:58,72
DA:59,72
DA:60,72
DA:61,72
DA:62,72
DA:63,144
DA:64,144
DA:65,144
DA:67,216
DA:73,0
DA:76,0
DA:78,0
DA:80,0
DA:81,0
DA:82,0
DA:83,0
DA:89,1188
DA:92,1188
DA:94,1188
DA:96,1188
DA:97,1188
DA:103,1188
DA:108,216
DA:111,216
DA:112,216
DA:113,216
DA:114,216
DA:120,216
DA:124,216
DA:125,216
DA:126,216
DA:127,216
DA:128,216
DA:129,216
DA:130,216
DA:131,216
DA:132,216
DA:133,216
DA:134,216
DA:135,216
DA:136,216
DA:137,216
LF:63
LH:45
end_of_record
TN:
SF:/home/jeremy/Dev/libCEED/backends/ref/ceed-ref-restriction.c
FNL:0,138,179
FNA:0,0,CeedElemRestrictionApplyCurlOrientedUnsignedNoTranspose_Ref_Core
FNL:1,181,218
FNA:1,816,CeedElemRestrictionApplyStridedTranspose_Ref_Core
FNL:2,19,57
FNA:2,144,CeedElemRestrictionApplyStridedNoTranspose_Ref_Core
FNL:3,220,242
FNA:3,816,CeedElemRestrictionApplyOffsetTranspose_Ref_Core
FNL:4,244,266
FNA:4,0,CeedElemRestrictionApplyOrientedTranspose_Ref_Core
FNL:5,268,317
FNA:5,0,CeedElemRestrictionApplyCurlOrientedTranspose_Ref_Core
FNL:6,319,369
FNA:6,0,CeedElemRestrictionApplyCurlOrientedUnsignedTranspose_Ref_Core
FNL:7,371,394
FNA:7,0,CeedElemRestrictionApplyAtPointsInElement_Ref_Core
FNL:8,396,503
FNA:8,3408,CeedElemRestrictionApply_Ref_Core
FNL:9,508,512
FNA:9,2680,CeedElemRestrictionApply_Ref_110
FNL:10,514,518
FNA:10,0,CeedElemRestrictionApply_Ref_111
FNL:11,520,524
FNA:11,504,CeedElemRestrictionApply_Ref_180
FNL:12,526,530
FNA:12,0,CeedElemRestrictionApply_Ref_181
FNL:13,532,536
FNA:13,40,CeedElemRestrictionApply_Ref_310
FNL:14,538,542
FNA:14,0,CeedElemRestrictionApply_Ref_311
FNL:15,544,548
FNA:15,24,CeedElemRestrictionApply_Ref_380
FNL:16,550,554
FNA:16,0,CeedElemRestrictionApply_Ref_381
FNL:17,588,592
FNA:17,0,CeedElemRestrictionApply_Ref_511
FNL:18,59,75
FNA:18,1632,CeedElemRestrictionApplyOffsetNoTranspose_Ref_Core
FNL:19,602,606
FNA:19,0,CeedElemRestrictionApply_Ref_581
FNL:20,611,622
FNA:20,336,CeedElemRestrictionApply_Ref
FNL:21,627,639
FNA:21,0,CeedElemRestrictionApplyUnsigned_Ref
FNL:22,644,656
FNA:22,0,CeedElemRestrictionApplyUnoriented_Ref
FNL:23,661,669
FNA:23,0,CeedElemRestrictionApplyAtPointsInElement_Ref
FNL:24,674,685
FNA:24,3072,CeedElemRestrictionApplyBlock_Ref
FNL:25,690,699
FNA:25,360,CeedElemRestrictionGetOffsets_Ref
FNL:26,704,713
FNA:26,0,CeedElemRestrictionGetOrientations_Ref
FNL:27,718,727
FNA:27,0,CeedElemRestrictionGetCurlOrientations_Ref
FNL:28,732,741
FNA:28,816,CeedElemRestrictionDestroy_Ref
FNL:29,746,910
FNA:29,1032,CeedElemRestrictionCreate_Ref
FNL:30,77,94
FNA:30,0,CeedElemRestrictionApplyOrientedNoTranspose_Ref_Core
FNL:31,96,136
FNA:31,0,CeedElemRestrictionApplyCurlOrientedNoTranspose_Ref_Core
FNF:32
FNH:14
DA:19,144
DA:26,144
DA:27,144
DA:30,1296
DA:31,2304
DA:32,29664
DA:33,103392
DA:34,74880
DA:35,74880
DA:44,0
DA:45,0
DA:46,0
DA:47,0
DA:48,0
DA:49,0
DA:50,0
DA:56,144
DA:59,1632
DA:66,1632
DA:67,3936
DA:68,4968
DA:69,166824
DA:70,164160
DA:74,1632
DA:77,0
DA:84,0
DA:85,0
DA:86,0
DA:87,0
DA:88,0
DA:89,0
DA:93,0
DA:96,0
DA:103,0
DA:104,0
DA:105,0
DA:106,0
DA:108,0
DA:109,0
DA:110,0
DA:111,0
DA:112,0
DA:113,0
DA:115,0
DA:116,0
DA:117,0
DA:118,0
DA:119,0
DA:120,0
DA:121,0
DA:122,0
DA:123,0
DA:126,0
DA:127,0
DA:128,0
DA:129,0
DA:130,0
DA:131,0
DA:135,0
DA:138,0
DA:146,0
DA:147,0
DA:148,0
DA:149,0
DA:151,0
DA:152,0
DA:153,0
DA:154,0
DA:155,0
DA:156,0
DA:158,0
DA:159,0
DA:160,0
DA:161,0
DA:162,0
DA:163,0
DA:164,0
DA:165,0
DA:166,0
DA:169,0
DA:170,0
DA:171,0
DA:172,0
DA:173,0
DA:174,0
DA:178,0
DA:181,816
DA:188,816
DA:189,816
DA:192,1968
DA:193,2304
DA:194,29664
DA:195,72288
DA:196,43776
DA:205,0
DA:206,0
DA:207,0
DA:208,0
DA:209,0
DA:210,0
DA:211,0
DA:217,816
DA:220,816
DA:227,816
DA:228,1968
DA:229,2304
DA:230,19872
DA:232,48000
DA:235,29280
DA:236,29280
DA:241,816
DA:244,0
DA:251,0
DA:252,0
DA:253,0
DA:254,0
DA:256,0
DA:259,0
DA:260,0
DA:265,0
DA:268,0
DA:271,0
DA:274,0
DA:276,0
DA:277,0
DA:278,0
DA:280,0
DA:281,0
DA:283,0
DA:284,0
DA:285,0
DA:286,0
DA:287,0
DA:289,0
DA:290,0
DA:292,0
DA:293,0
DA:294,0
DA:295,0
DA:296,0
DA:297,0
DA:298,0
DA:299,0
DA:301,0
DA:302,0
DA:305,0
DA:306,0
DA:307,0
DA:308,0
DA:309,0
DA:311,0
DA:312,0
DA:316,0
DA:319,0
DA:323,0
DA:326,0
DA:328,0
DA:329,0
DA:330,0
DA:332,0
DA:333,0
DA:335,0
DA:336,0
DA:337,0
DA:338,0
DA:339,0
DA:341,0
DA:342,0
DA:344,0
DA:345,0
DA:346,0
DA:347,0
DA:348,0
DA:349,0
DA:350,0
DA:351,0
DA:353,0
DA:354,0
DA:357,0
DA:358,0
DA:359,0
DA:360,0
DA:361,0
DA:363,0
DA:364,0
DA:368,0
DA:371,0
DA:375,0
DA:378,0
DA:379,0
DA:380,0
DA:381,0
DA:382,0
DA:383,0
DA:384,0
DA:387,0
DA:388,0
DA:391,0
DA:393,0
DA:396,3408
DA:400,3408
DA:405,3408
DA:406,3408
DA:407,3408
DA:408,3408
DA:409,3408
DA:411,3408
DA:413,1632
DA:416,1776
DA:418,3408
DA:424,1632
DA:425,816
DA:426,816
DA:428,816
DA:429,816
DA:430,816
DA:432,816
DA:433,0
DA:434,0
DA:435,0
DA:438,0
DA:441,0
DA:442,0
DA:443,0
DA:444,0
DA:446,0
DA:447,0
DA:450,0
DA:453,0
DA:454,0
DA:455,0
DA:456,0
DA:464,1776
DA:465,144
DA:466,144
DA:468,144
DA:469,1632
DA:470,1632
DA:472,1632
DA:473,0
DA:474,0
DA:475,0
DA:478,0
DA:481,0
DA:482,0
DA:483,0
DA:484,0
DA:486,0
DA:487,0
DA:490,0
DA:493,0
DA:494,0
DA:495,0
DA:496,0
DA:499,3408
DA:500,3408
DA:501,3408
DA:502,3408
DA:508,2680
DA:511,2680
DA:514,0
DA:517,0
DA:520,504
DA:523,504
DA:526,0
DA:529,0
DA:532,40
DA:535,40
DA:538,0
DA:541,0
DA:544,24
DA:547,24
DA:550,0
DA:553,0
DA:588,0
DA:591,0
DA:602,0
DA:605,0
DA:611,336
DA:615,336
DA:616,336
DA:617,336
DA:618,336
DA:619,336
DA:620,336
DA:621,336
DA:627,0
DA:632,0
DA:633,0
DA:634,0
DA:635,0
DA:636,0
DA:637,0
DA:638,0
DA:644,0
DA:649,0
DA:650,0
DA:651,0
DA:652,0
DA:653,0
DA:654,0
DA:655,0
DA:661,0
DA:666,0
DA:667,0
DA:668,0
DA:674,3072
DA:679,3072
DA:680,3072
DA:681,3072
DA:682,3072
DA:683,3072
DA:684,3072
DA:690,360
DA:693,360
DA:695,360
DA:697,360
DA:698,360
DA:704,0
DA:707,0
DA:709,0
DA:711,0
DA:712,0
DA:718,0
DA:721,0
DA:723,0
DA:725,0
DA:726,0
DA:732,816
DA:735,816
DA:736,816
DA:737,816
DA:738,816
DA:739,816
DA:740,816
DA:746,1032
DA:749,1032
DA:753,1032
DA:754,1032
DA:755,1032
DA:756,1032
DA:757,1032
DA:758,1032
DA:759,1032
DA:760,1032
DA:762,1032
DA:764,1032
DA:765,1032
DA:770,1032
DA:772,1032
DA:773,1032
DA:774,384
DA:775,384
DA:776,384
DA:782,1032
DA:783,0
DA:785,0
DA:786,0
DA:788,0
DA:789,0
DA:792,0
DA:793,0
DA:797,1032
DA:802,648
DA:804,648
DA:805,648
DA:806,648
DA:808,648
DA:811,168
DA:812,34328
DA:813,34160
DA:819,648
DA:820,648
DA:821,648
DA:824,648
DA:825,0
DA:826,0
DA:827,648
DA:828,0
DA:829,0
DA:835,1032
DA:837,1032
DA:838,1032
DA:839,544
DA:840,544
DA:841,544
DA:842,0
DA:843,0
DA:844,0
DA:845,312
DA:846,312
DA:847,312
DA:848,0
DA:849,0
DA:850,0
DA:851,64
DA:852,64
DA:853,64
DA:854,0
DA:855,0
DA:856,0
DA:857,24
DA:858,24
DA:859,24
DA:860,0
DA:861,0
DA:862,0
DA:880,0
DA:881,0
DA:882,0
DA:888,0
DA:889,0
DA:890,0
DA:891,88
DA:892,88
DA:893,88
DA:897,1032
DA:898,1032
DA:899,1032
DA:900,1032
DA:901,0
DA:903,1032
DA:904,1032
DA:905,1032
DA:906,1032
DA:907,1032
DA:908,1032
DA:909,1032
LF:428
LH:162
end_of_record
TN:
SF:/home/jeremy/Dev/libCEED/backends/ref/ceed-ref-tensor.c
FNL:0,16,38
FNA:0,4032,CeedTensorContractApply_Ref
FNL:1,43,43
FNA:1,192,CeedTensorContractDestroy_Ref
FNL:2,48,56
FNA:2,192,CeedTensorContractCreate_Ref
FNF:3
FNH:3
DA:16,4032
DA:18,4032
DA:20,4032
DA:21,1008
DA:22,1008
DA:25,4032
DA:26,830208
DA:29,26160
DA:30,145200
DA:31,839616
DA:32,716544
DA:33,5454912
DA:37,4032
DA:43,192
DA:48,192
DA:51,192
DA:52,192
DA:53,192
DA:54,192
DA:55,192
LF:20
LH:20
end_of_record
TN:
SF:/home/jeremy/Dev/libCEED/backends/ref/ceed-ref-vector.c
FNL:0,103,110
FNA:0,8856,CeedVectorGetArrayWrite_Ref
FNL:1,115,115
FNA:1,10560,CeedVectorRestoreArray_Ref
FNL:2,120,120
FNA:2,11856,CeedVectorRestoreArrayRead_Ref
FNL:3,125,132
FNA:3,2784,CeedVectorDestroy_Ref
FNL:4,137,156
FNA:4,2784,CeedVectorCreate_Ref
FNL:5,18,25
FNA:5,13560,CeedVectorHasValidArray_Ref
FNL:6,30,37
FNA:6,0,CeedVectorHasBorrowedArrayOfType_Ref
FNL:7,42,54
FNA:7,4752,CeedVectorSetArray_Ref
FNL:8,59,70
FNA:8,0,CeedVectorTakeArray_Ref
FNL:9,75,84
FNA:9,22416,CeedVectorGetArrayCore_Ref
FNL:10,89,91
FNA:10,11856,CeedVectorGetArrayRead_Ref
FNL:11,96,98
FNA:11,1704,CeedVectorGetArray_Ref
FNF:12
FNH:10
DA:18,13560
DA:21,13560
DA:23,13560
DA:24,13560
DA:30,0
DA:33,0
DA:34,0
DA:35,0
DA:36,0
DA:42,4752
DA:46,4752
DA:47,4752
DA:49,4752
DA:51,4752
DA:53,4752
DA:59,0
DA:62,0
DA:64,0
DA:66,0
DA:67,0
DA:68,0
DA:69,0
DA:75,22416
DA:78,22416
DA:80,22416
DA:82,22416
DA:83,22416
DA:89,11856
DA:90,11856
DA:96,1704
DA:97,1704
DA:103,8856
DA:106,8856
DA:108,8856
DA:109,8856
DA:115,10560
DA:120,11856
DA:125,2784
DA:128,2784
DA:129,2784
DA:130,2784
DA:131,2784
DA:137,2784
DA:141,2784
DA:142,2784
DA:143,2784
DA:144,2784
DA:145,2784
DA:146,2784
DA:147,2784
DA:148,2784
DA:149,2784
DA:150,2784
DA:151,2784
DA:152,2784
DA:153,2784
DA:154,2784
DA:155,2784
LF:58
LH:46
end_of_record
TN:
SF:/home/jeremy/Dev/libCEED/backends/ref/ceed-ref.c
FNL:0,17,36
FNA:0,192,CeedInit_Ref
FNL:1,41,46
FNA:1,192,CeedRegister_Ref
FNF:2
FNH:2
DA:17,192
DA:18,192
DA:20,192
DA:22,192
DA:23,192
DA:24,192
DA:25,192
DA:26,192
DA:27,192
DA:28,192
DA:29,192
DA:30,192
DA:31,192
DA:32,192
DA:33,192
DA:34,192
DA:35,192
DA:41,192
DA:44,192
LF:19
LH:19
end_of_record
TN:
SF:/home/jeremy/Dev/libCEED/backends/weak/ceed-backend-weak.c
FNF:0
FNH:0
LF:0
LH:0
end_of_record
TN:
SF:/home/jeremy/Dev/libCEED/backends/xsmm/ceed-xsmm-blocked.c
FNL:0,18,32
FNA:0,24,CeedInit_Xsmm_Blocked
FNL:1,37,37
FNA:1,192,CeedRegister_Xsmm_Blocked
FNF:2
FNH:2
DA:18,24
DA:21,24
DA:23,24
DA:26,24
DA:27,24
DA:28,24
DA:30,24
DA:31,24
DA:37,192
LF:9
LH:9
end_of_record
TN:
SF:/home/jeremy/Dev/libCEED/backends/xsmm/ceed-xsmm-serial.c
FNL:0,18,32
FNA:0,24,CeedInit_Xsmm_Serial
FNL:1,37,37
FNA:1,192,CeedRegister_Xsmm_Serial
FNF:2
FNH:2
DA:18,24
DA:21,24
DA:23,24
DA:26,24
DA:27,24
DA:28,24
DA:30,24
DA:31,24
DA:37,192
LF:9
LH:9
end_of_record
TN:
SF:/home/jeremy/Dev/libCEED/backends/xsmm/ceed-xsmm-tensor.c
FNL:0,17,63
FNA:0,2016,CeedTensorContractApply_Xsmm
FNL:1,68,71
FNA:1,96,CeedTensorContractCreate_Xsmm
FNF:2
FNH:2
DA:17,2016
DA:19,2016
DA:21,1344
DA:22,1344
DA:23,1344
DA:27,1344
DA:29,1344
DA:32,1344
DA:35,1344
DA:36,1344
DA:37,1344
DA:38,1344
DA:41,672
DA:42,672
DA:43,672
DA:47,672
DA:49,672
DA:52,672
DA:55,672
DA:56,4696
DA:57,4024
DA:58,4024
DA:59,4024
DA:62,2016
DA:68,96
DA:69,96
DA:70,96
LF:27
LH:27
end_of_record
TN:
SF:/home/jeremy/Dev/libCEED/ex1-volumetest/(t*.test/(t*.-f.h))
FNL:0,2,36
FNA:0,384,build_mass_
FNL:1,39,54
FNA:1,384,apply_mass_
FNF:2
FNH:2
DA:2,384
DA:14,384
DA:15,384
DA:17,672
DA:19,3648
DA:20,3360
DA:24,4752
DA:25,4680
DA:29,17664
DA:32,17304
DA:35,384
DA:36,384
DA:39,384
DA:50,25344
DA:51,25344
DA:53,384
DA:54,384
LF:17
LH:17
end_of_record
TN:
SF:/home/jeremy/Dev/libCEED/examples/ceed/ex1-volume-f.f90
FNL:0,157,190
FNA:0,96,transformmeshcoords_
FNL:1,193,250
FNA:1,96,setcartesianmeshcoords_
FNL:2,253,557
FNA:2,96,MAIN__
FNL:3,42,72
FNA:3,96,getcartesianmeshsize_
FNL:4,557,557
FNA:4,96,main
FNL:5,75,154
FNA:5,192,buildcartesianrestriction_
FNF:6
FNH:6
DA:42,96
DA:51,96
DA:52,96
DA:58,384
DA:59,288
DA:60,288
DA:62,96
DA:64,288
DA:65,192
DA:66,192
DA:67,64
DA:68,64
DA:70,288
DA:72,96
DA:75,192
DA:100,192
DA:104,192
DA:105,192
DA:106,192
DA:107,192
DA:108,192
DA:110,576
DA:111,384
DA:112,384
DA:113,576
DA:115,192
DA:119,192
DA:120,192
DA:122,2880
DA:123,2688
DA:124,2688
DA:125,2688
DA:126,2688
DA:128,6144
DA:129,3456
DA:130,6144
DA:133,41920
DA:134,39040
DA:135,39040
DA:136,39040
DA:138,122880
DA:139,83840
DA:140,83840
DA:141,122880
DA:143,41728
DA:148,192
DA:149,192
DA:151,96
DA:153,192
DA:154,192
DA:157,96
DA:172,96
DA:173,128
DA:175,4160
DA:176,4160
DA:178,32
DA:181,12160
DA:182,12096
DA:183,12096
DA:185,12096
DA:186,12160
DA:188,160
DA:190,96
DA:193,96
DA:210,96
DA:211,96
DA:214,96
DA:215,96
DA:217,288
DA:218,192
DA:219,288
DA:222,96
DA:223,96
DA:226,96
DA:227,96
DA:228,96
DA:229,96
DA:230,576
DA:231,576
DA:234,16320
DA:235,16224
DA:237,51840
DA:238,35520
DA:239,35520
DA:240,51744
DA:243,96
DA:245,96
DA:247,96
DA:248,96
DA:249,96
DA:250,96
DA:253,96
DA:267,96
DA:282,96
DA:283,96
DA:284,96
DA:285,96
DA:286,96
DA:287,96
DA:288,96
DA:289,96
DA:290,96
DA:291,96
DA:292,96
DA:296,96
DA:297,624
DA:298,528
DA:300,96
DA:303,0
DA:306,96
DA:309,96
DA:310,96
DA:311,96
DA:314,0
DA:315,0
DA:318,0
DA:319,0
DA:322,0
DA:323,0
DA:326,0
DA:327,0
DA:330,0
DA:331,0
DA:335,96
DA:338,528
DA:343,96
DA:344,96
DA:345,96
DA:347,0
DA:352,96
DA:354,0
DA:355,0
DA:356,0
DA:357,0
DA:358,0
DA:359,0
DA:360,0
DA:361,0
DA:362,0
DA:364,0
DA:366,0
DA:367,0
DA:368,0
DA:370,0
DA:377,96
DA:381,96
DA:382,96
DA:385,96
DA:386,96
DA:388,0
DA:389,0
DA:390,0
DA:392,0
DA:393,0
DA:395,0
DA:401,96
DA:403,96
DA:405,96
DA:407,0
DA:408,0
DA:414,96
DA:415,96
DA:418,96
DA:419,96
DA:420,96
DA:422,96
DA:424,96
DA:427,96
DA:428,16
DA:430,16
DA:433,16
DA:436,48
DA:441,48
DA:442,48
DA:443,48
DA:444,48
DA:445,48
DA:449,96
DA:450,96
DA:451,96
DA:452,96
DA:455,96
DA:456,96
DA:457,288
DA:458,288
DA:460,96
DA:461,96
DA:464,96
DA:465,48
DA:469,48
DA:470,48
DA:471,48
DA:472,48
DA:476,96
DA:477,96
DA:478,96
DA:479,96
DA:482,96
DA:483,96
DA:485,96
DA:486,96
DA:487,96
DA:488,96
DA:489,96
DA:490,96
DA:493,96
DA:496,96
DA:499,96
DA:501,0
DA:504,96
DA:506,96
DA:511,96
DA:513,96
DA:514,16320
DA:515,16320
DA:517,96
DA:519,96
DA:521,0
DA:522,0
DA:523,0
DA:524,0
DA:527,96
DA:528,32
DA:530,0
DA:534,64
DA:536,0
DA:543,96
DA:544,96
DA:545,96
DA:546,96
DA:547,96
DA:548,96
DA:549,96
DA:550,96
DA:551,96
DA:552,96
DA:553,96
DA:554,96
DA:555,96
DA:556,96
DA:557,96
LF:241
LH:200
end_of_record
TN:
SF:/home/jeremy/Dev/libCEED/examples/ceed/ex1-volume.c
FNL:0,294,316
FNA:0,96,GetCartesianMeshSize
FNL:1,318,363
FNA:1,192,BuildCartesianRestriction
FNL:2,365,394
FNA:2,96,SetCartesianMeshCoords
FNL:3,401,429
FNA:3,96,TransformMeshCoords
FNL:4,55,292
FNA:4,96,main
FNF:5
FNH:5
DA:55,96
DA:56,96
DA:57,96
DA:58,96
DA:59,96
DA:60,96
DA:61,96
DA:62,96
DA:63,96
DA:66,432
DA:97,96
DA:100,96
DA:121,96
DA:126,96
DA:127,96
DA:130,96
DA:132,96
DA:133,96
DA:146,96
DA:147,96
DA:148,96
DA:158,96
DA:159,96
DA:162,96
DA:168,96
DA:169,96
DA:170,96
DA:175,96
DA:177,48
DA:178,48
DA:179,48
DA:182,48
DA:183,48
DA:184,48
DA:185,48
DA:186,48
DA:192,96
DA:193,96
DA:194,96
DA:195,96
DA:199,96
DA:200,96
DA:202,288
DA:203,96
DA:204,96
DA:209,96
DA:211,48
DA:214,48
DA:215,48
DA:216,48
DA:217,48
DA:223,96
DA:224,96
DA:225,96
DA:226,96
DA:231,96
DA:232,96
DA:235,96
DA:238,96
DA:241,96
DA:246,96
DA:253,96
DA:258,96
DA:259,16320
DA:260,96
DA:262,96
DA:270,96
DA:272,96
DA:276,96
DA:277,96
DA:278,96
DA:279,96
DA:280,96
DA:281,96
DA:282,96
DA:283,96
DA:284,96
DA:285,96
DA:286,96
DA:287,96
DA:288,96
DA:289,96
DA:290,96
DA:291,96
DA:294,96
DA:297,96
DA:298,96
DA:300,384
DA:301,288
DA:302,288
DA:304,96
DA:306,288
DA:307,192
DA:309,192
DA:310,64
DA:311,64
DA:313,192
DA:315,96
DA:318,192
DA:319,192
DA:320,192
DA:321,192
DA:322,192
DA:323,192
DA:325,576
DA:326,384
DA:327,384
DA:328,384
DA:330,192
DA:334,192
DA:336,2880
DA:337,2688
DA:339,6144
DA:340,3456
DA:341,3456
DA:343,2688
DA:345,41728
DA:346,39040
DA:348,122880
DA:349,83840
DA:350,83840
DA:351,83840
DA:353,39040
DA:356,192
DA:358,192
DA:359,96
DA:361,192
DA:362,192
DA:365,96
DA:366,96
DA:367,96
DA:369,288
DA:370,192
DA:371,192
DA:375,96
DA:376,96
DA:379,96
DA:380,576
DA:381,16320
DA:382,16224
DA:384,51744
DA:385,35520
DA:387,35520
DA:388,35520
DA:391,96
DA:392,96
DA:393,96
DA:401,96
DA:405,96
DA:406,96
DA:407,4160
DA:409,4128
DA:411,32
DA:413,64
DA:415,12160
DA:418,12096
DA:420,12096
DA:421,12096
DA:422,12096
DA:423,12096
DA:425,64
DA:427,96
DA:428,96
LF:163
LH:163
end_of_record
TN:
SF:/home/jeremy/Dev/libCEED/examples/ceed/ex1-volume.h
FNL:0,16,52
FNA:0,384,build_mass
FNL:1,55,64
FNA:1,384,apply_mass
FNF:2
FNH:2
DA:16,384
DA:17,384
DA:21,384
DA:22,384
DA:24,384
DA:25,288
DA:26,288
DA:29,3360
DA:30,288
DA:31,72
DA:32,72
DA:35,4680
DA:36,4608
DA:38,72
DA:39,24
DA:40,24
DA:43,17304
DA:44,17280
DA:45,17280
DA:46,17280
DA:47,17280
DA:49,24
DA:51,384
DA:55,384
DA:58,384
DA:59,384
DA:62,25344
DA:63,384
LF:28
LH:28
end_of_record
TN:
SF:/home/jeremy/Dev/libCEED/gallery/ceed-gallery-list.h
FNF:0
FNH:0
DA:15,96
DA:16,96
DA:17,96
DA:18,96
DA:19,96
DA:20,96
DA:21,96
DA:22,96
DA:23,96
DA:24,96
DA:25,96
DA:26,96
DA:27,96
DA:28,96
DA:29,96
DA:30,96
LF:16
LH:16
end_of_record
TN:
SF:/home/jeremy/Dev/libCEED/gallery/identity/ceed-identity.c
FNL:0,17,36
FNA:0,0,CeedQFunctionInit_Identity
FNL:1,41,43
FNA:1,96,CeedQFunctionRegister_Identity
FNF:2
FNH:1
DA:17,0
DA:19,0
DA:20,0
DA:24,0
DA:28,0
DA:29,0
DA:30,0
DA:31,0
DA:32,0
DA:33,0
DA:35,0
DA:41,96
DA:42,96
LF:13
LH:2
end_of_record
TN:
SF:/home/jeremy/Dev/libCEED/gallery/mass-vector/ceed-vectormassapply.c
FNL:0,16,30
FNA:0,0,CeedQFunctionInit_Vector3MassApply
FNL:1,35,37
FNA:1,96,CeedQFunctionRegister_Vector3MassApply
FNF:2
FNH:1
DA:16,0
DA:18,0
DA:19,0
DA:22,0
DA:23,0
DA:24,0
DA:25,0
DA:27,0
DA:29,0
DA:35,96
DA:36,96
LF:11
LH:2
end_of_record
TN:
SF:/home/jeremy/Dev/libCEED/gallery/mass/ceed-mass1dbuild.c
FNL:0,16,30
FNA:0,32,CeedQFunctionInit_Mass1DBuild
FNL:1,35,37
FNA:1,96,CeedQFunctionRegister_Mass1DBuild
FNF:2
FNH:2
DA:16,32
DA:18,32
DA:19,32
DA:22,32
DA:23,32
DA:24,32
DA:25,32
DA:27,32
DA:29,32
DA:35,96
DA:36,96
LF:11
LH:11
end_of_record
TN:
SF:/home/jeremy/Dev/libCEED/gallery/mass/ceed-mass2dbuild.c
FNL:0,16,30
FNA:0,32,CeedQFunctionInit_Mass2DBuild
FNL:1,35,37
FNA:1,96,CeedQFunctionRegister_Mass2DBuild
FNF:2
FNH:2
DA:16,32
DA:18,32
DA:19,32
DA:22,32
DA:23,32
DA:24,32
DA:25,32
DA:27,32
DA:29,32
DA:35,96
DA:36,96
LF:11
LH:11
end_of_record
TN:
SF:/home/jeremy/Dev/libCEED/gallery/mass/ceed-mass3dbuild.c
FNL:0,16,30
FNA:0,32,CeedQFunctionInit_Mass3DBuild
FNL:1,35,37
FNA:1,96,CeedQFunctionRegister_Mass3DBuild
FNF:2
FNH:2
DA:16,32
DA:18,32
DA:19,32
DA:22,32
DA:23,32
DA:24,32
DA:25,32
DA:27,32
DA:29,32
DA:35,96
DA:36,96
LF:11
LH:11
end_of_record
TN:
SF:/home/jeremy/Dev/libCEED/gallery/mass/ceed-massapply.c
FNL:0,16,29
FNA:0,96,CeedQFunctionInit_MassApply
FNL:1,34,36
FNA:1,96,CeedQFunctionRegister_MassApply
FNF:2
FNH:2
DA:16,96
DA:18,96
DA:19,96
DA:22,96
DA:23,96
DA:24,96
DA:26,96
DA:28,96
DA:34,96
DA:35,96
LF:10
LH:10
end_of_record
TN:
SF:/home/jeremy/Dev/libCEED/gallery/poisson-vector/ceed-vectorpoisson1dapply.c
FNL:0,16,30
FNA:0,0,CeedQFunctionInit_Vector3Poisson1DApply
FNL:1,35,37
FNA:1,96,CeedQFunctionRegister_Vector3Poisson1DApply
FNF:2
FNH:1
DA:16,0
DA:18,0
DA:19,0
DA:22,0
DA:23,0
DA:24,0
DA:25,0
DA:27,0
DA:29,0
DA:35,96
DA:36,96
LF:11
LH:2
end_of_record
TN:
SF:/home/jeremy/Dev/libCEED/gallery/poisson-vector/ceed-vectorpoisson2dapply.c
FNL:0,16,30
FNA:0,0,CeedQFunctionInit_Vector3Poisson2DApply
FNL:1,35,37
FNA:1,96,CeedQFunctionRegister_Vector3Poisson2DApply
FNF:2
FNH:1
DA:16,0
DA:18,0
DA:19,0
DA:22,0
DA:23,0
DA:24,0
DA:25,0
DA:27,0
DA:29,0
DA:35,96
DA:36,96
LF:11
LH:2
end_of_record
TN:
SF:/home/jeremy/Dev/libCEED/gallery/poisson-vector/ceed-vectorpoisson3dapply.c
FNL:0,16,30
FNA:0,0,CeedQFunctionInit_Vector3Poisson3DApply
FNL:1,35,37
FNA:1,96,CeedQFunctionRegister_Vector3Poisson3DApply
FNF:2
FNH:1
DA:16,0
DA:18,0
DA:19,0
DA:22,0
DA:23,0
DA:24,0
DA:25,0
DA:27,0
DA:29,0
DA:35,96
DA:36,96
LF:11
LH:2
end_of_record
TN:
SF:/home/jeremy/Dev/libCEED/gallery/poisson/ceed-poisson1dapply.c
FNL:0,16,30
FNA:0,0,CeedQFunctionInit_Poisson1DApply
FNL:1,35,37
FNA:1,96,CeedQFunctionRegister_Poisson1DApply
FNF:2
FNH:1
DA:16,0
DA:18,0
DA:19,0
DA:22,0
DA:23,0
DA:24,0
DA:25,0
DA:27,0
DA:29,0
DA:35,96
DA:36,96
LF:11
LH:2
end_of_record
TN:
SF:/home/jeremy/Dev/libCEED/gallery/poisson/ceed-poisson1dbuild.c
FNL:0,16,30
FNA:0,0,CeedQFunctionInit_Poisson1DBuild
FNL:1,35,37
FNA:1,96,CeedQFunctionRegister_Poisson1DBuild
FNF:2
FNH:1
DA:16,0
DA:18,0
DA:19,0
DA:22,0
DA:23,0
DA:24,0
DA:25,0
DA:27,0
DA:29,0
DA:35,96
DA:36,96
LF:11
LH:2
end_of_record
TN:
SF:/home/jeremy/Dev/libCEED/gallery/poisson/ceed-poisson2dapply.c
FNL:0,16,30
FNA:0,0,CeedQFunctionInit_Poisson2DApply
FNL:1,35,37
FNA:1,96,CeedQFunctionRegister_Poisson2DApply
FNF:2
FNH:1
DA:16,0
DA:18,0
DA:19,0
DA:22,0
DA:23,0
DA:24,0
DA:25,0
DA:27,0
DA:29,0
DA:35,96
DA:36,96
LF:11
LH:2
end_of_record
TN:
SF:/home/jeremy/Dev/libCEED/gallery/poisson/ceed-poisson2dbuild.c
FNL:0,16,30
FNA:0,0,CeedQFunctionInit_Poisson2DBuild
FNL:1,35,37
FNA:1,96,CeedQFunctionRegister_Poisson2DBuild
FNF:2
FNH:1
DA:16,0
DA:18,0
DA:19,0
DA:22,0
DA:23,0
DA:24,0
DA:25,0
DA:27,0
DA:29,0
DA:35,96
DA:36,96
LF:11
LH:2
end_of_record
TN:
SF:/home/jeremy/Dev/libCEED/gallery/poisson/ceed-poisson3dapply.c
FNL:0,16,30
FNA:0,0,CeedQFunctionInit_Poisson3DApply
FNL:1,35,37
FNA:1,96,CeedQFunctionRegister_Poisson3DApply
FNF:2
FNH:1
DA:16,0
DA:18,0
DA:19,0
DA:22,0
DA:23,0
DA:24,0
DA:25,0
DA:27,0
DA:29,0
DA:35,96
DA:36,96
LF:11
LH:2
end_of_record
TN:
SF:/home/jeremy/Dev/libCEED/gallery/poisson/ceed-poisson3dbuild.c
FNL:0,16,30
FNA:0,0,CeedQFunctionInit_Poisson3DBuild
FNL:1,35,37
FNA:1,96,CeedQFunctionRegister_Poisson3DBuild
FNF:2
FNH:1
DA:16,0
DA:18,0
DA:19,0
DA:22,0
DA:23,0
DA:24,0
DA:25,0
DA:27,0
DA:29,0
DA:35,96
DA:36,96
LF:11
LH:2
end_of_record
TN:
SF:/home/jeremy/Dev/libCEED/gallery/scale/ceed-scale.c
FNL:0,16,24
FNA:0,0,CeedQFunctionInit_Scale
FNL:1,29,29
FNA:1,96,CeedQFunctionRegister_Scale
FNF:2
FNH:1
DA:16,0
DA:18,0
DA:19,0
DA:23,0
DA:29,96
LF:5
LH:1
end_of_record
TN:
SF:/home/jeremy/Dev/libCEED/include/ceed/ceed.h
FNL:0,525,533
FNA:0,14400,CeedIntPow
FNL:1,545,545
FNA:1,420064,CeedIntMin
FNL:2,557,557
FNA:2,0,CeedIntMax
FNF:3
FNH:2
DA:525,14400
DA:526,14400
DA:527,20992
DA:528,6592
DA:529,6592
DA:530,6592
DA:532,14400
DA:545,420064
DA:557,0
LF:9
LH:8
end_of_record
TN:
SF:/home/jeremy/Dev/libCEED/include/ceed/jit-source/gallery/ceed-identity.h
FNL:0,17,31
FNA:0,0,Identity
FNF:1
FNH:0
DA:17,0
DA:19,0
DA:20,0
DA:23,0
DA:25,0
DA:28,0
DA:30,0
LF:7
LH:0
end_of_record
TN:
SF:/home/jeremy/Dev/libCEED/include/ceed/jit-source/gallery/ceed-mass1dbuild.h
FNL:0,13,24
FNA:0,576,Mass1DBuild
FNF:1
FNH:1
DA:13,576
DA:16,576
DA:18,576
DA:21,6720
DA:23,576
LF:5
LH:5
end_of_record
TN:
SF:/home/jeremy/Dev/libCEED/include/ceed/jit-source/gallery/ceed-mass2dbuild.h
FNL:0,13,26
FNA:0,144,Mass2DBuild
FNF:1
FNH:1
DA:13,144
DA:16,144
DA:18,144
DA:21,9360
DA:22,9216
DA:25,144
LF:6
LH:6
end_of_record
TN:
SF:/home/jeremy/Dev/libCEED/include/ceed/jit-source/gallery/ceed-mass3dbuild.h
FNL:0,13,28
FNA:0,48,Mass3DBuild
FNF:1
FNH:1
DA:13,48
DA:16,48
DA:18,48
DA:21,34608
DA:22,34560
DA:23,34560
DA:24,34560
DA:27,48
LF:8
LH:8
end_of_record
TN:
SF:/home/jeremy/Dev/libCEED/include/ceed/jit-source/gallery/ceed-massapply.h
FNL:0,13,24
FNA:0,768,MassApply
FNF:1
FNH:1
DA:13,768
DA:16,768
DA:18,768
DA:21,50688
DA:23,768
LF:5
LH:5
end_of_record
TN:
SF:/home/jeremy/Dev/libCEED/include/ceed/jit-source/gallery/ceed-poisson1dapply.h
FNL:0,13,25
FNA:0,0,Poisson1DApply
FNF:1
FNH:0
DA:13,0
DA:16,0
DA:19,0
DA:22,0
DA:24,0
LF:5
LH:0
end_of_record
TN:
SF:/home/jeremy/Dev/libCEED/include/ceed/jit-source/gallery/ceed-poisson1dbuild.h
FNL:0,13,28
FNA:0,0,Poisson1DBuild
FNF:1
FNH:0
DA:13,0
DA:19,0
DA:22,0
DA:25,0
DA:27,0
LF:5
LH:0
end_of_record
TN:
SF:/home/jeremy/Dev/libCEED/include/ceed/jit-source/gallery/ceed-poisson2dapply.h
FNL:0,13,39
FNA:0,0,Poisson2DApply
FNF:1
FNH:0
DA:13,0
DA:16,0
DA:18,0
DA:20,0
DA:23,0
DA:28,0
DA:29,0
DA:30,0
DA:35,0
DA:38,0
LF:10
LH:0
end_of_record
TN:
SF:/home/jeremy/Dev/libCEED/include/ceed/jit-source/gallery/ceed-poisson2dbuild.h
FNL:0,13,38
FNA:0,0,Poisson2DBuild
FNF:1
FNH:0
DA:13,0
DA:18,0
DA:20,0
DA:23,0
DA:27,0
DA:28,0
DA:29,0
DA:30,0
DA:31,0
DA:32,0
DA:33,0
DA:34,0
DA:37,0
LF:13
LH:0
end_of_record
TN:
SF:/home/jeremy/Dev/libCEED/include/ceed/jit-source/gallery/ceed-poisson3dapply.h
FNL:0,13,41
FNA:0,0,Poisson3DApply
FNF:1
FNH:0
DA:13,0
DA:16,0
DA:18,0
DA:20,0
DA:23,0
DA:29,0
DA:30,0
DA:31,0
DA:32,0
DA:37,0
DA:40,0
LF:11
LH:0
end_of_record
TN:
SF:/home/jeremy/Dev/libCEED/include/ceed/jit-source/gallery/ceed-poisson3dbuild.h
FNL:0,13,51
FNA:0,0,Poisson3DBuild
FNF:1
FNH:0
DA:13,0
DA:17,0
DA:19,0
DA:21,0
DA:24,0
DA:27,0
DA:28,0
DA:31,0
DA:32,0
DA:35,0
DA:42,0
DA:43,0
DA:44,0
DA:45,0
DA:46,0
DA:47,0
DA:50,0
LF:17
LH:0
end_of_record
TN:
SF:/home/jeremy/Dev/libCEED/include/ceed/jit-source/gallery/ceed-scale.h
FNL:0,13,27
FNA:0,0,Scale
FNF:1
FNH:0
DA:13,0
DA:15,0
DA:19,0
DA:20,0
DA:22,0
DA:25,0
DA:26,0
LF:7
LH:0
end_of_record
TN:
SF:/home/jeremy/Dev/libCEED/include/ceed/jit-source/gallery/ceed-vectormassapply.h
FNL:0,13,30
FNA:0,0,Vector3MassApply
FNF:1
FNH:0
DA:13,0
DA:16,0
DA:18,0
DA:20,0
DA:23,0
DA:24,0
DA:25,0
DA:29,0
LF:8
LH:0
end_of_record
TN:
SF:/home/jeremy/Dev/libCEED/include/ceed/jit-source/gallery/ceed-vectorpoisson1dapply.h
FNL:0,13,30
FNA:0,0,Vector3Poisson1DApply
FNF:1
FNH:0
DA:13,0
DA:16,0
DA:18,0
DA:20,0
DA:23,0
DA:24,0
DA:25,0
DA:29,0
LF:8
LH:0
end_of_record
TN:
SF:/home/jeremy/Dev/libCEED/include/ceed/jit-source/gallery/ceed-vectorpoisson2dapply.h
FNL:0,13,40
FNA:0,0,Vector3Poisson2DApply
FNF:1
FNH:0
DA:13,0
DA:16,0
DA:18,0
DA:20,0
DA:23,0
DA:28,0
DA:29,0
DA:30,0
DA:35,0
DA:36,0
DA:39,0
LF:11
LH:0
end_of_record
TN:
SF:/home/jeremy/Dev/libCEED/include/ceed/jit-source/gallery/ceed-vectorpoisson3dapply.h
FNL:0,13,43
FNA:0,0,Vector3Poisson3DApply
FNF:1
FNH:0
DA:13,0
DA:16,0
DA:18,0
DA:20,0
DA:23,0
DA:29,0
DA:30,0
DA:31,0
DA:32,0
DA:37,0
DA:38,0
DA:39,0
DA:42,0
LF:13
LH:0
end_of_record
TN:
SF:/home/jeremy/Dev/libCEED/interface/ceed-basis.c
FNL:0,1078,1081
FNA:0,6528,CeedBasisGetFESpace
FNL:1,1093,1096
FNA:1,0,CeedBasisGetTopologyDimension
FNL:2,1108,1111
FNA:2,4800,CeedBasisGetTensorContract
FNL:3,1123,1127
FNA:3,384,CeedBasisSetTensorContract
FNL:4,1146,1156
FNA:4,384,CeedMatrixMatrixMultiply
FNL:5,1171,1207
FNA:5,384,CeedQRFactorization
FNL:6,1228,1241
FNA:6,384,CeedHouseholderApplyQ
FNL:7,1256,1285
FNA:7,384,CeedMatrixPseudoinverse
FNL:8,129,146
FNA:8,0,CeedGivensRotation
FNL:9,1300,1425
FNA:9,0,CeedSymmetricSchurDecomposition
FNL:10,1447,1507
FNA:10,0,CeedSimultaneousDiagonalization
FNL:11,1536,1576
FNA:11,864,CeedBasisCreateTensorH1
FNL:12,1594,1653
FNA:12,384,CeedBasisCreateTensorH1Lagrange
FNL:13,163,178
FNA:13,0,CeedScalarView
FNL:14,1673,1712
FNA:14,0,CeedBasisCreateH1
FNL:15,1732,1771
FNA:15,0,CeedBasisCreateHdiv
FNL:16,1791,1831
FNA:16,0,CeedBasisCreateHcurl
FNL:17,1856,1899
FNA:17,0,CeedBasisCreateProjection
FNL:18,190,193
FNA:18,0,CeedBasisView_Object
FNL:19,1914,1919
FNA:19,6528,CeedBasisReferenceCopy
FNL:20,1931,1934
FNA:20,0,CeedBasisSetNumViewTabs
FNL:21,1946,1949
FNA:21,0,CeedBasisGetNumViewTabs
FNL:22,1961,2037
FNA:22,0,CeedBasisView
FNL:23,204,207
FNA:23,0,CeedBasisDestroy_Object
FNL:24,2060,2065
FNA:24,4800,CeedBasisApply
FNL:25,2088,2094
FNA:25,0,CeedBasisApplyAdd
FNL:26,2116,2125
FNA:26,0,CeedBasisApplyAtPoints
FNL:27,2147,2157
FNA:27,0,CeedBasisApplyAddAtPoints
FNL:28,2169,2172
FNA:28,768,CeedBasisGetCeed
FNL:29,2183,2183
FNA:29,0,CeedBasisReturnCeed
FNL:30,2195,2198
FNA:30,20736,CeedBasisGetDimension
FNL:31,2210,2213
FNA:31,0,CeedBasisGetTopology
FNL:32,2225,2228
FNA:32,13248,CeedBasisGetNumComponents
FNL:33,2240,2243
FNA:33,10176,CeedBasisGetNumNodes
FNL:34,2255,2259
FNA:34,5184,CeedBasisGetNumNodes1D
FNL:35,226,322
FNA:35,0,CeedBasisCreateProjectionMatrices
FNL:36,2271,2274
FNA:36,10368,CeedBasisGetNumQuadraturePoints
FNL:37,2286,2290
FNA:37,5184,CeedBasisGetNumQuadraturePoints1D
FNL:38,2302,2305
FNA:38,0,CeedBasisGetQRef
FNL:39,2317,2320
FNA:39,192,CeedBasisGetQWeights
FNL:40,2332,2354
FNA:40,0,CeedBasisGetInterp
FNL:41,2366,2373
FNA:41,4992,CeedBasisGetInterp1D
FNL:42,2385,2410
FNA:42,0,CeedBasisGetGrad
FNL:43,2422,2429
FNA:43,384,CeedBasisGetGrad1D
FNL:44,2441,2444
FNA:44,0,CeedBasisGetDiv
FNL:45,2456,2459
FNA:45,0,CeedBasisGetCurl
FNL:46,2470,2490
FNA:46,13440,CeedBasisDestroy
FNL:47,2503,2542
FNA:47,384,CeedGaussQuadrature
FNL:48,2555,2608
FNA:48,576,CeedLobattoQuadrature
FNL:49,345,376
FNA:49,4800,CeedBasisApplyCheckDims
FNL:50,398,453
FNA:50,0,CeedBasisApplyAtPointsCheckDims
FNL:51,476,677
FNA:51,0,CeedBasisApplyAtPoints_Core
FNL:52,48,53
FNA:52,0,CeedChebyshevPolynomialsAtPoint
FNL:53,66,80
FNA:53,0,CeedChebyshevDerivativeAtPoint
FNL:54,708,721
FNA:54,0,CeedBasisCreateH1Fallback
FNL:55,733,754
FNA:55,384,CeedBasisGetCollocatedGrad
FNL:56,766,796
FNA:56,0,CeedBasisGetChebyshevInterp1D
FNL:57,808,811
FNA:57,10176,CeedBasisIsTensor
FNL:58,823,837
FNA:58,384,CeedBasisIsCollocated
FNL:59,849,852
FNA:59,5184,CeedBasisGetData
FNL:60,864,867
FNA:60,384,CeedBasisSetData
FNL:61,878,881
FNA:61,6144,CeedBasisReference
FNL:62,897,923
FNA:62,10368,CeedBasisGetNumQuadratureComponents
FNL:63,937,1066
FNA:63,0,CeedBasisGetFlopsEstimate
FNL:64,99,108
FNA:64,3840,CeedHouseholderReflect
FNF:65
FNH:33
DA:48,0
DA:49,0
DA:50,0
DA:51,0
DA:52,0
DA:66,0
DA:69,0
DA:70,0
DA:71,0
DA:72,0
DA:73,0
DA:74,0
DA:75,0
DA:76,0
DA:77,0
DA:79,0
DA:99,3840
DA:100,19200
DA:101,15360
DA:103,65280
DA:104,15360
DA:105,65280
DA:107,3840
DA:129,0
DA:130,0
DA:132,0
DA:133,0
DA:134,0
DA:135,0
DA:139,0
DA:140,0
DA:142,0
DA:143,0
DA:145,0
DA:163,0
DA:164,0
DA:165,0
DA:169,0
DA:170,0
DA:172,0
DA:173,0
DA:174,0
DA:175,0
DA:177,0
DA:190,0
DA:191,0
DA:192,0
DA:204,0
DA:205,0
DA:206,0
DA:226,0
DA:231,0
DA:232,0
DA:233,0
DA:237,0
DA:243,0
DA:244,0
DA:245,0
DA:247,0
DA:248,0
DA:249,0
DA:250,0
DA:252,0
DA:253,0
DA:259,0
DA:260,0
DA:261,0
DA:267,0
DA:269,0
DA:271,0
DA:272,0
DA:273,0
DA:274,0
DA:276,0
DA:277,0
DA:278,0
DA:280,0
DA:281,0
DA:286,0
DA:287,0
DA:288,0
DA:290,0
DA:293,0
DA:296,0
DA:297,0
DA:299,0
DA:300,0
DA:302,0
DA:303,0
DA:304,0
DA:305,0
DA:306,0
DA:308,0
DA:310,0
DA:311,0
DA:313,0
DA:314,0
DA:319,0
DA:320,0
DA:321,0
DA:345,4800
DA:347,4800
DA:349,4800
DA:350,4800
DA:351,4800
DA:352,4800
DA:353,4800
DA:354,4800
DA:355,4800
DA:358,4800
DA:359,4800
DA:360,4608
DA:365,1536
DA:366,9216
DA:367,3072
DA:368,3072
DA:369,4608
DA:370,192
DA:371,192
DA:372,192
DA:374,4800
DA:375,4800
DA:398,0
DA:400,0
DA:401,0
DA:403,0
DA:404,0
DA:405,0
DA:406,0
DA:407,0
DA:408,0
DA:409,0
DA:410,0
DA:411,0
DA:414,0
DA:415,0
DA:422,0
DA:426,0
DA:427,0
DA:428,0
DA:429,0
DA:430,0
DA:431,0
DA:432,0
DA:433,0
DA:434,0
DA:435,0
DA:436,0
DA:437,0
DA:438,0
DA:439,0
DA:440,0
DA:441,0
DA:442,0
DA:451,0
DA:452,0
DA:476,0
DA:478,0
DA:480,0
DA:482,0
DA:483,0
DA:484,0
DA:485,0
DA:491,0
DA:492,0
DA:495,0
DA:497,0
DA:498,0
DA:499,0
DA:501,0
DA:507,0
DA:508,0
DA:509,0
DA:510,0
DA:511,0
DA:513,0
DA:514,0
DA:515,0
DA:519,0
DA:520,0
DA:521,0
DA:522,0
DA:526,0
DA:528,0
DA:530,0
DA:532,0
DA:534,0
DA:536,0
DA:537,0
DA:538,0
DA:542,0
DA:543,0
DA:549,0
DA:552,0
DA:553,0
DA:554,0
DA:555,0
DA:556,0
DA:557,0
DA:560,0
DA:561,0
DA:563,0
DA:565,0
DA:566,0
DA:568,0
DA:569,0
DA:571,0
DA:573,0
DA:575,0
DA:576,0
DA:579,0
DA:581,0
DA:582,0
DA:584,0
DA:586,0
DA:587,0
DA:588,0
DA:590,0
DA:591,0
DA:593,0
DA:596,0
DA:598,0
DA:600,0
DA:602,0
DA:603,0
DA:604,0
DA:605,0
DA:607,0
DA:614,0
DA:615,0
DA:616,0
DA:618,0
DA:619,0
DA:620,0
DA:623,0
DA:624,0
DA:626,0
DA:627,0
DA:629,0
DA:630,0
DA:632,0
DA:633,0
DA:636,0
DA:638,0
DA:639,0
DA:642,0
DA:644,0
DA:645,0
DA:647,0
DA:648,0
DA:650,0
DA:651,0
DA:652,0
DA:655,0
DA:656,0
DA:660,0
DA:662,0
DA:664,0
DA:666,0
DA:667,0
DA:668,0
DA:671,0
DA:672,0
DA:673,0
DA:676,0
DA:708,0
DA:710,0
DA:713,0
DA:714,0
DA:716,0
DA:717,0
DA:718,0
DA:719,0
DA:720,0
DA:733,384
DA:740,384
DA:741,384
DA:742,384
DA:745,384
DA:746,384
DA:747,384
DA:748,384
DA:749,384
DA:751,384
DA:752,384
DA:753,384
DA:766,0
DA:772,0
DA:773,0
DA:774,0
DA:778,0
DA:779,0
DA:780,0
DA:781,0
DA:784,0
DA:785,0
DA:788,0
DA:789,0
DA:792,0
DA:793,0
DA:794,0
DA:795,0
DA:808,10176
DA:809,10176
DA:810,10176
DA:823,384
DA:824,384
DA:825,0
DA:827,0
DA:828,0
DA:829,0
DA:830,0
DA:834,384
DA:836,384
DA:849,5184
DA:850,5184
DA:851,5184
DA:864,384
DA:865,384
DA:866,384
DA:878,6144
DA:879,6144
DA:880,6144
DA:897,10368
DA:900,10368
DA:901,10368
DA:902,6528
DA:905,6528
DA:906,6528
DA:907,6528
DA:908,3264
DA:909,3264
DA:910,3264
DA:911,0
DA:912,0
DA:913,0
DA:914,0
DA:915,0
DA:916,0
DA:917,576
DA:919,576
DA:920,576
DA:922,10368
DA:937,0
DA:941,0
DA:942,0
DA:943,0
DA:946,0
DA:947,0
DA:948,0
DA:949,0
DA:950,0
DA:951,0
DA:952,0
DA:954,0
DA:956,0
DA:957,0
DA:958,0
DA:959,0
DA:961,0
DA:962,0
DA:967,0
DA:968,0
DA:971,0
DA:972,0
DA:974,0
DA:975,0
DA:976,0
DA:977,0
DA:980,0
DA:981,0
DA:982,0
DA:983,0
DA:984,0
DA:985,0
DA:986,0
DA:987,0
DA:988,0
DA:990,0
DA:992,0
DA:994,0
DA:995,0
DA:996,0
DA:997,0
DA:998,0
DA:1000,0
DA:1002,0
DA:1004,0
DA:1006,0
DA:1014,0
DA:1015,0
DA:1016,0
DA:1019,0
DA:1020,0
DA:1021,0
DA:1022,0
DA:1023,0
DA:1024,0
DA:1025,0
DA:1026,0
DA:1027,0
DA:1028,0
DA:1029,0
DA:1037,0
DA:1038,0
DA:1039,0
DA:1045,0
DA:1046,0
DA:1047,0
DA:1048,0
DA:1049,0
DA:1050,0
DA:1051,0
DA:1052,0
DA:1053,0
DA:1054,0
DA:1058,0
DA:1059,0
DA:1060,0
DA:1061,0
DA:1062,0
DA:1065,0
DA:1078,6528
DA:1079,6528
DA:1080,6528
DA:1093,0
DA:1094,0
DA:1095,0
DA:1108,4800
DA:1109,4800
DA:1110,4800
DA:1123,384
DA:1124,384
DA:1125,384
DA:1126,384
DA:1146,384
DA:1147,2688
DA:1148,16128
DA:1149,13824
DA:1151,82944
DA:1152,13824
DA:1155,384
DA:1171,384
DA:1172,384
DA:1175,384
DA:1177,2304
DA:1178,1920
DA:1180,1920
DA:1181,0
DA:1182,0
DA:1185,1920
DA:1186,7680
DA:1187,5760
DA:1188,5760
DA:1190,1920
DA:1191,1920
DA:1193,1920
DA:1197,1920
DA:1198,7680
DA:1201,1920
DA:1203,1920
DA:1204,7680
DA:1206,384
DA:1228,384
DA:1232,384
DA:1233,2304
DA:1234,1920
DA:1235,7680
DA:1237,1920
DA:1239,384
DA:1240,384
DA:1256,384
DA:1259,384
DA:1260,384
DA:1261,384
DA:1262,384
DA:1265,384
DA:1268,2688
DA:1269,384
DA:1271,2688
DA:1272,2304
DA:1273,11520
DA:1274,9216
DA:1275,32256
DA:1276,9216
DA:1281,384
DA:1282,384
DA:1283,384
DA:1284,384
DA:1300,0
DA:1302,0
DA:1304,0
DA:1307,0
DA:1308,0
DA:1309,0
DA:1313,0
DA:1315,0
DA:1317,0
DA:1318,0
DA:1319,0
DA:1320,0
DA:1322,0
DA:1323,0
DA:1325,0
DA:1329,0
DA:1330,0
DA:1333,0
DA:1334,0
DA:1335,0
DA:1338,0
DA:1339,0
DA:1342,0
DA:1343,0
DA:1344,0
DA:1345,0
DA:1349,0
DA:1350,0
DA:1351,0
DA:1352,0
DA:1353,0
DA:1354,0
DA:1356,0
DA:1361,0
DA:1362,0
DA:1364,0
DA:1366,0
DA:1367,0
DA:1368,0
DA:1369,0
DA:1370,0
DA:1372,0
DA:1373,0
DA:1374,0
DA:1376,0
DA:1379,0
DA:1380,0
DA:1381,0
DA:1382,0
DA:1383,0
DA:1385,0
DA:1387,0
DA:1389,0
DA:1390,0
DA:1391,0
DA:1393,0
DA:1394,0
DA:1396,0
DA:1398,0
DA:1399,0
DA:1404,0
DA:1405,0
DA:1408,0
DA:1411,0
DA:1412,0
DA:1413,0
DA:1416,0
DA:1420,0
DA:1423,0
DA:1424,0
DA:1447,0
DA:1450,0
DA:1451,0
DA:1452,0
DA:1455,0
DA:1456,0
DA:1459,0
DA:1460,0
DA:1461,0
DA:1462,0
DA:1463,0
DA:1471,0
DA:1474,0
DA:1475,0
DA:1476,0
DA:1477,0
DA:1481,0
DA:1483,0
DA:1486,0
DA:1489,0
DA:1490,0
DA:1491,0
DA:1492,0
DA:1493,0
DA:1500,0
DA:1503,0
DA:1504,0
DA:1505,0
DA:1506,0
DA:1536,864
DA:1538,864
DA:1541,480
DA:1542,480
DA:1543,480
DA:1544,480
DA:1545,480
DA:1548,384
DA:1549,384
DA:1550,384
DA:1551,384
DA:1553,384
DA:1555,384
DA:1556,384
DA:1557,384
DA:1558,384
DA:1559,384
DA:1560,384
DA:1561,384
DA:1562,384
DA:1563,384
DA:1564,384
DA:1565,384
DA:1566,384
DA:1567,384
DA:1568,384
DA:1569,384
DA:1570,384
DA:1571,384
DA:1572,384
DA:1573,384
DA:1574,384
DA:1575,384
DA:1594,384
DA:1596,384
DA:1599,384
DA:1600,384
DA:1601,384
DA:1602,384
DA:1605,384
DA:1606,384
DA:1607,384
DA:1608,384
DA:1609,384
DA:1610,384
DA:1611,384
DA:1612,384
DA:1613,384
DA:1614,384
DA:1615,0
DA:1616,0
DA:1617,0
DA:1619,384
DA:1623,2688
DA:1624,2304
DA:1625,2304
DA:1626,2304
DA:1627,11520
DA:1628,9216
DA:1629,9216
DA:1630,9216
DA:1631,32256
DA:1632,23040
DA:1633,23040
DA:1634,23040
DA:1635,9216
DA:1636,9216
DA:1638,23040
DA:1639,23040
DA:1641,9216
DA:1645,384
DA:1646,384
DA:1647,384
DA:1648,384
DA:1649,384
DA:1650,384
DA:1651,384
DA:1652,384
DA:1673,0
DA:1675,0
DA:1677,0
DA:1680,0
DA:1681,0
DA:1682,0
DA:1683,0
DA:1684,0
DA:1687,0
DA:1688,0
DA:1689,0
DA:1691,0
DA:1693,0
DA:1694,0
DA:1695,0
DA:1696,0
DA:1697,0
DA:1698,0
DA:1699,0
DA:1700,0
DA:1701,0
DA:1702,0
DA:1703,0
DA:1704,0
DA:1705,0
DA:1706,0
DA:1707,0
DA:1708,0
DA:1709,0
DA:1710,0
DA:1711,0
DA:1732,0
DA:1734,0
DA:1736,0
DA:1739,0
DA:1740,0
DA:1741,0
DA:1742,0
DA:1743,0
DA:1746,0
DA:1747,0
DA:1748,0
DA:1750,0
DA:1752,0
DA:1753,0
DA:1754,0
DA:1755,0
DA:1756,0
DA:1757,0
DA:1758,0
DA:1759,0
DA:1760,0
DA:1761,0
DA:1762,0
DA:1763,0
DA:1764,0
DA:1765,0
DA:1766,0
DA:1767,0
DA:1768,0
DA:1769,0
DA:1770,0
DA:1791,0
DA:1793,0
DA:1795,0
DA:1798,0
DA:1799,0
DA:1800,0
DA:1801,0
DA:1802,0
DA:1805,0
DA:1806,0
DA:1807,0
DA:1809,0
DA:1810,0
DA:1812,0
DA:1813,0
DA:1814,0
DA:1815,0
DA:1816,0
DA:1817,0
DA:1818,0
DA:1819,0
DA:1820,0
DA:1821,0
DA:1822,0
DA:1823,0
DA:1824,0
DA:1825,0
DA:1826,0
DA:1827,0
DA:1828,0
DA:1829,0
DA:1830,0
DA:1856,0
DA:1862,0
DA:1865,0
DA:1871,0
DA:1872,0
DA:1873,0
DA:1875,0
DA:1876,0
DA:1877,0
DA:1880,0
DA:1881,0
DA:1882,0
DA:1888,0
DA:1889,0
DA:1890,0
DA:1891,0
DA:1895,0
DA:1896,0
DA:1897,0
DA:1898,0
DA:1914,6528
DA:1915,6528
DA:1916,6528
DA:1917,6528
DA:1918,6528
DA:1931,0
DA:1932,0
DA:1933,0
DA:1946,0
DA:1947,0
DA:1948,0
DA:1961,0
DA:1963,0
DA:1968,0
DA:1969,0
DA:1970,0
DA:1973,0
DA:1975,0
DA:1976,0
DA:1977,0
DA:1981,0
DA:1982,0
DA:1983,0
DA:1985,0
DA:1987,0
DA:1989,0
DA:1993,0
DA:1994,0
DA:1995,0
DA:1996,0
DA:1997,0
DA:1998,0
DA:2000,0
DA:2001,0
DA:2002,0
DA:2003,0
DA:2008,0
DA:2009,0
DA:2010,0
DA:2011,0
DA:2012,0
DA:2013,0
DA:2014,0
DA:2015,0
DA:2016,0
DA:2018,0
DA:2019,0
DA:2020,0
DA:2021,0
DA:2022,0
DA:2023,0
DA:2024,0
DA:2026,0
DA:2027,0
DA:2028,0
DA:2030,0
DA:2031,0
DA:2032,0
DA:2035,0
DA:2036,0
DA:2060,4800
DA:2061,4800
DA:2062,4800
DA:2063,4800
DA:2064,4800
DA:2088,0
DA:2089,0
DA:2090,0
DA:2091,0
DA:2092,0
DA:2093,0
DA:2116,0
DA:2118,0
DA:2119,0
DA:2120,0
DA:2122,0
DA:2124,0
DA:2147,0
DA:2149,0
DA:2150,0
DA:2151,0
DA:2152,0
DA:2154,0
DA:2156,0
DA:2169,768
DA:2170,768
DA:2171,768
DA:2183,0
DA:2195,20736
DA:2196,20736
DA:2197,20736
DA:2210,0
DA:2211,0
DA:2212,0
DA:2225,13248
DA:2226,13248
DA:2227,13248
DA:2240,10176
DA:2241,10176
DA:2242,10176
DA:2255,5184
DA:2256,5184
DA:2257,5184
DA:2258,5184
DA:2271,10368
DA:2272,10368
DA:2273,10368
DA:2286,5184
DA:2287,5184
DA:2288,5184
DA:2289,5184
DA:2302,0
DA:2303,0
DA:2304,0
DA:2317,192
DA:2318,192
DA:2319,192
DA:2332,0
DA:2333,0
DA:2335,0
DA:2338,0
DA:2341,0
DA:2342,0
DA:2343,0
DA:2344,0
DA:2345,0
DA:2347,0
DA:2352,0
DA:2353,0
DA:2366,4992
DA:2369,4992
DA:2370,4992
DA:2371,4992
DA:2372,4992
DA:2385,0
DA:2386,0
DA:2388,0
DA:2391,0
DA:2394,0
DA:2395,0
DA:2396,0
DA:2397,0
DA:2398,0
DA:2399,0
DA:2401,0
DA:2402,0
DA:2408,0
DA:2409,0
DA:2422,384
DA:2425,384
DA:2426,384
DA:2427,384
DA:2428,384
DA:2441,0
DA:2442,0
DA:2443,0
DA:2456,0
DA:2457,0
DA:2458,0
DA:2470,13440
DA:2471,13440
DA:2472,13056
DA:2473,13056
DA:2475,384
DA:2476,384
DA:2477,384
DA:2478,384
DA:2479,384
DA:2480,384
DA:2481,384
DA:2482,384
DA:2483,384
DA:2484,384
DA:2485,384
DA:2486,384
DA:2487,384
DA:2488,384
DA:2489,384
DA:2503,384
DA:2504,384
DA:2507,1920
DA:2509,1536
DA:2511,1536
DA:2512,1536
DA:2513,1536
DA:2514,9216
DA:2515,7680
DA:2516,7680
DA:2517,7680
DA:2520,1536
DA:2521,1536
DA:2523,7296
DA:2524,5760
DA:2525,5760
DA:2526,34560
DA:2527,28800
DA:2528,28800
DA:2529,28800
DA:2531,5760
DA:2532,5760
DA:2535,1536
DA:2536,1536
DA:2537,1536
DA:2538,1536
DA:2539,1536
DA:2541,384
DA:2555,576
DA:2556,576
DA:2560,576
DA:2561,576
DA:2562,576
DA:2563,96
DA:2564,96
DA:2566,576
DA:2567,576
DA:2569,1728
DA:2571,1152
DA:2573,1152
DA:2574,1152
DA:2575,1152
DA:2576,4608
DA:2577,3456
DA:2578,3456
DA:2579,3456
DA:2582,1152
DA:2583,1152
DA:2584,1152
DA:2586,14976
DA:2587,13824
DA:2588,13824
DA:2589,55296
DA:2590,41472
DA:2591,41472
DA:2592,41472
DA:2594,13824
DA:2595,13824
DA:2596,13824
DA:2599,1152
DA:2600,1152
DA:2601,192
DA:2602,192
DA:2604,1152
DA:2605,1152
DA:2607,576
LF:1024
LH:339
end_of_record
TN:
SF:/home/jeremy/Dev/libCEED/interface/ceed-config.c
FNL:0,33,36
FNA:0,0,CeedGetGitVersion
FNL:1,50,53
FNA:1,0,CeedSetIsClang
FNL:2,67,70
FNA:2,0,CeedGetIsClang
FNL:3,85,88
FNA:3,0,CeedGetBuildConfiguration
FNF:4
FNH:0
DA:33,0
DA:34,0
DA:35,0
DA:50,0
DA:51,0
DA:52,0
DA:67,0
DA:68,0
DA:69,0
DA:85,0
DA:86,0
DA:87,0
LF:12
LH:0
end_of_record
TN:
SF:/home/jeremy/Dev/libCEED/interface/ceed-elemrestriction.c
FNL:0,1018,1060
FNA:0,0,CeedElemRestrictionCreateBlockedOriented
FNL:1,1090,1133
FNA:1,0,CeedElemRestrictionCreateBlockedCurlOriented
FNL:2,111,114
FNA:2,0,CeedElemRestrictionView_Object
FNL:3,1154,1190
FNA:3,288,CeedElemRestrictionCreateBlockedStrided
FNL:4,1204,1221
FNA:4,0,CeedElemRestrictionCreateUnsignedCopy
FNL:5,1235,1252
FNA:5,0,CeedElemRestrictionCreateUnorientedCopy
FNL:6,125,128
FNA:6,0,CeedElemRestrictionDestroy_Object
FNL:7,1269,1274
FNA:7,11568,CeedElemRestrictionReferenceCopy
FNL:8,1287,1298
FNA:8,960,CeedElemRestrictionCreateVector
FNL:9,1314,1336
FNA:9,576,CeedElemRestrictionApply
FNL:10,1353,1391
FNA:10,0,CeedElemRestrictionApplyAtPointsInElement
FNL:11,1408,1446
FNA:11,3072,CeedElemRestrictionApplyBlock
FNL:12,1458,1461
FNA:12,2976,CeedElemRestrictionGetCeed
FNL:13,1472,1472
FNA:13,0,CeedElemRestrictionReturnCeed
FNL:14,148,151
FNA:14,7296,CeedElemRestrictionGetType
FNL:15,1484,1487
FNA:15,5664,CeedElemRestrictionGetCompStride
FNL:16,1499,1502
FNA:16,10656,CeedElemRestrictionGetNumElements
FNL:17,1514,1517
FNA:17,16992,CeedElemRestrictionGetElementSize
FNL:18,1530,1539
FNA:18,0,CeedElemRestrictionGetNumPoints
FNL:19,1553,1565
FNA:19,0,CeedElemRestrictionGetNumPointsInElement
FNL:20,1578,1605
FNA:20,0,CeedElemRestrictionGetMinMaxPointsInElement
FNL:21,1619,1621
FNA:21,0,CeedElemRestrictionGetMaxPointsInElement
FNL:22,163,166
FNA:22,0,CeedElemRestrictionIsStrided
[...]
FNL:15,401,405
FNA:15,0,CeedQFunctionContextSetDouble
FNL:16,419,423
FNA:16,0,CeedQFunctionContextGetDoubleRead
FNL:17,436,440
FNA:17,0,CeedQFunctionContextRestoreDoubleRead
FNL:18,453,457
FNA:18,0,CeedQFunctionContextSetInt32
FNL:19,471,475
FNA:19,0,CeedQFunctionContextGetInt32Read
FNL:20,488,492
FNA:20,0,CeedQFunctionContextRestoreInt32Read
FNL:21,505,509
FNA:21,0,CeedQFunctionContextSetBoolean
FNL:22,523,527
FNA:22,0,CeedQFunctionContextGetBooleanRead
FNL:23,540,544
FNA:23,0,CeedQFunctionContextRestoreBooleanRead
FNL:24,557,561
FNA:24,576,CeedQFunctionContextGetDataDestroy
FNL:25,572,575
FNA:25,2496,CeedQFunctionContextReference
FNL:26,58,100
FNA:26,0,CeedQFunctionContextRegisterGeneric
FNL:27,595,610
FNA:27,540,CeedQFunctionContextCreate
FNL:28,627,632
FNA:28,2352,CeedQFunctionContextReferenceCopy
FNL:29,650,660
FNA:29,288,CeedQFunctionContextSetData
FNL:30,676,694
FNA:30,0,CeedQFunctionContextTakeData
FNL:31,713,728
FNA:31,1584,CeedQFunctionContextGetData
FNL:32,747,761
FNA:32,0,CeedQFunctionContextGetDataRead
FNL:33,773,780
FNA:33,1584,CeedQFunctionContextRestoreData
FNL:34,792,799
FNA:34,0,CeedQFunctionContextRestoreDataRead
FNL:35,814,817
FNA:35,0,CeedQFunctionContextRegisterDouble
FNL:36,832,835
FNA:36,0,CeedQFunctionContextRegisterInt32
FNL:37,850,853
FNA:37,0,CeedQFunctionContextRegisterBoolean
FNL:38,866,870
FNA:38,0,CeedQFunctionContextGetAllFieldLabels
FNL:39,886,894
FNA:39,0,CeedContextFieldLabelGetDescription
FNL:40,906,909
FNA:40,1476,CeedQFunctionContextGetContextSize
FNL:41,921,924
FNA:41,0,CeedQFunctionContextSetNumViewTabs
FNL:42,936,939
FNA:42,0,CeedQFunctionContextGetNumViewTabs
FNL:43,951,969
FNA:43,0,CeedQFunctionContextView
FNL:44,982,987
FNA:44,0,CeedQFunctionContextSetDataDestroy
FNL:45,998,1016
FNA:45,9360,CeedQFunctionContextDestroy
FNF:46
FNH:14
DA:36,0
DA:37,0
DA:38,0
DA:39,0
DA:41,0
DA:58,0
DA:60,0
DA:61,0
DA:64,0
DA:65,0
DA:69,0
DA:70,0
DA:71,0
DA:72,0
DA:73,0
DA:74,0
DA:76,0
DA:79,0
DA:80,0
DA:81,0
DA:82,0
DA:83,0
DA:84,0
DA:85,0
DA:86,0
DA:87,0
DA:88,0
DA:92,0
DA:93,0
DA:94,0
DA:95,0
DA:96,0
DA:97,0
DA:98,0
DA:99,0
DA:111,576
DA:112,576
DA:113,144
DA:118,432
DA:119,432
DA:122,0
DA:123,0
DA:124,0
DA:127,576
DA:140,0
DA:141,0
DA:142,0
DA:154,0
DA:155,0
DA:156,0
DA:177,288
DA:178,288
DA:179,288
DA:191,0
DA:203,1584
DA:204,1584
DA:206,1584
DA:207,1584
DA:221,0
DA:222,0
DA:224,0
DA:225,0
DA:238,0
DA:239,0
DA:240,0
DA:253,4680
DA:254,4680
DA:255,4680
DA:268,288
DA:269,288
DA:270,288
DA:284,0
DA:287,0
DA:289,0
DA:290,0
DA:292,0
DA:294,0
DA:309,0
DA:314,0
DA:318,0
DA:319,0
DA:320,0
DA:321,0
DA:322,0
DA:323,0
DA:324,0
DA:326,0
DA:342,0
DA:347,0
DA:351,0
DA:352,0
DA:353,0
DA:354,0
DA:355,0
DA:356,0
DA:357,0
DA:358,0
DA:359,0
DA:360,0
DA:361,0
DA:362,0
DA:364,0
DA:379,0
DA:382,0
DA:386,0
DA:387,0
DA:401,0
DA:402,0
DA:403,0
DA:404,0
DA:419,0
DA:420,0
DA:421,0
DA:422,0
DA:436,0
DA:437,0
DA:438,0
DA:439,0
DA:453,0
DA:454,0
DA:455,0
DA:456,0
DA:471,0
DA:472,0
DA:473,0
DA:474,0
DA:488,0
DA:489,0
DA:490,0
DA:491,0
DA:505,0
DA:506,0
DA:507,0
DA:508,0
DA:523,0
DA:524,0
DA:525,0
DA:526,0
DA:540,0
DA:541,0
DA:542,0
DA:543,0
DA:557,576
DA:558,576
DA:559,576
DA:560,576
DA:572,2496
DA:573,2496
DA:574,2496
DA:595,540
DA:596,540
DA:599,252
DA:600,252
DA:601,252
DA:602,252
DA:603,252
DA:606,288
DA:607,288
DA:608,288
DA:609,288
DA:627,2352
DA:628,2352
DA:629,2352
DA:630,2352
DA:631,2352
DA:650,288
DA:651,288
DA:652,288
DA:655,288
DA:656,288
DA:657,288
DA:658,288
DA:659,288
DA:676,0
DA:677,0
DA:678,0
DA:680,0
DA:681,0
DA:683,0
DA:684,0
DA:687,0
DA:688,0
DA:691,0
DA:692,0
DA:693,0
DA:713,1584
DA:714,1584
DA:716,1584
DA:717,1584
DA:719,1584
DA:722,1584
DA:723,1584
DA:725,1584
DA:726,1584
DA:727,1584
DA:747,0
DA:748,0
DA:750,0
DA:752,0
DA:755,0
DA:756,0
DA:758,0
DA:759,0
DA:760,0
DA:773,1584
DA:774,1584
DA:776,1584
DA:777,1584
DA:778,1584
DA:779,1584
DA:792,0
DA:793,0
DA:795,0
DA:796,0
DA:797,0
DA:798,0
DA:814,0
DA:816,0
DA:832,0
DA:834,0
DA:850,0
DA:852,0
DA:866,0
DA:867,0
DA:868,0
DA:869,0
DA:886,0
DA:888,0
DA:889,0
DA:890,0
DA:891,0
DA:892,0
DA:893,0
DA:906,1476
DA:907,1476
DA:908,1476
DA:921,0
DA:922,0
DA:923,0
DA:936,0
DA:937,0
DA:938,0
DA:951,0
DA:952,0
DA:955,0
DA:957,0
DA:958,0
DA:959,0
DA:962,0
DA:963,0
DA:964,0
DA:965,0
DA:967,0
DA:968,0
DA:982,0
DA:983,0
DA:984,0
DA:985,0
DA:986,0
DA:998,9360
DA:999,9360
DA:1000,9072
DA:1001,9072
DA:1003,288
DA:1005,288
DA:1006,288
DA:1007,288
DA:1008,0
DA:1009,0
DA:1010,0
DA:1012,288
DA:1013,288
DA:1014,288
DA:1015,288
LF:274
LH:81
end_of_record
TN:
SF:/home/jeremy/Dev/libCEED/interface/ceed-register.c
FNL:0,30,44
FNA:0,432,CeedRegisterAll
FNF:1
FNH:1
DA:30,432
DA:31,432
DA:34,432
DA:35,192
DA:40,192
DA:43,432
LF:6
LH:6
end_of_record
TN:
SF:/home/jeremy/Dev/libCEED/interface/ceed-tensor.c
FNL:0,124,136
FNA:0,0,CeedTensorContractStridedApply
FNL:1,148,151
FNA:1,192,CeedTensorContractGetCeed
FNL:2,162,162
FNA:2,192,CeedTensorContractReturnCeed
FNL:3,174,177
FNA:3,0,CeedTensorContractGetData
FNL:4,189,192
FNA:4,0,CeedTensorContractSetData
FNL:5,203,206
FNA:5,384,CeedTensorContractReference
FNL:6,223,228
FNA:6,0,CeedTensorContractReferenceCopy
FNL:7,239,250
FNA:7,768,CeedTensorContractDestroy
FNL:8,31,34
FNA:8,0,CeedTensorContractDestroy_Object
FNL:9,54,69
FNA:9,576,CeedTensorContractCreate
FNL:10,94,98
FNA:10,8064,CeedTensorContractApply
FNF:11
FNH:6
DA:31,0
DA:32,0
DA:33,0
DA:54,576
DA:55,576
DA:58,192
DA:59,192
DA:60,192
DA:61,192
DA:62,192
DA:65,384
DA:66,384
DA:67,384
DA:68,384
DA:94,8064
DA:96,8064
DA:97,8064
DA:124,0
DA:126,0
DA:127,0
DA:128,0
DA:131,0
DA:132,0
DA:135,0
DA:148,192
DA:149,192
DA:150,192
DA:162,192
DA:174,0
DA:175,0
DA:176,0
DA:189,0
DA:190,0
DA:191,0
DA:203,384
DA:204,384
DA:205,384
DA:223,0
DA:224,0
DA:225,0
DA:226,0
DA:227,0
DA:239,768
DA:240,768
DA:241,384
DA:242,384
DA:244,384
DA:245,192
DA:247,384
DA:248,384
DA:249,384
LF:51
LH:30
end_of_record
TN:
SF:/home/jeremy/Dev/libCEED/interface/ceed-vector.c
FNL:0,1002,1031
FNA:0,0,CeedVectorReciprocal
FNL:1,1043,1046
FNA:1,0,CeedVectorSetNumViewTabs
FNL:2,1058,1061
FNA:2,0,CeedVectorGetNumViewTabs
FNL:3,1080,1111
FNA:3,0,CeedVectorViewRange
FNL:4,1124,1130
FNA:4,0,CeedVectorView
FNL:5,113,118
FNA:5,0,CeedVectorHasBorrowedArrayOfType
FNL:6,1142,1145
FNA:6,3648,CeedVectorGetCeed
FNL:7,1156,1156
FNA:7,0,CeedVectorReturnCeed
FNL:8,1168,1171
FNA:8,123936,CeedVectorGetLength
FNL:9,1182,1194
FNA:9,20352,CeedVectorDestroy
FNL:10,130,133
FNA:10,384,CeedVectorGetState
FNL:11,145,148
FNA:11,74688,CeedVectorGetData
FNL:12,160,163
FNA:12,3648,CeedVectorSetData
FNL:13,174,177
FNA:13,1632,CeedVectorReference
FNL:14,198,216
FNA:14,6120,CeedVectorCreate
FNL:15,233,238
FNA:15,8928,CeedVectorReferenceCopy
FNL:16,250,285
FNA:16,0,CeedVectorCopy
FNL:17,300,336
FNA:17,0,CeedVectorCopyStrided
FNL:18,353,365
FNA:18,6744,CeedVectorSetArray
FNL:19,377,395
FNA:19,1056,CeedVectorSetValue
FNL:20,412,435
FNA:20,0,CeedVectorSetValueStrided
FNL:21,450,468
FNA:21,0,CeedVectorSyncArray
FNL:22,485,508
FNA:22,0,CeedVectorTakeArray
FNL:23,52,55
FNA:23,0,CeedVectorView_Object
FNL:24,527,549
FNA:24,1824,CeedVectorGetArray
FNL:25,565,586
FNA:25,14976,CeedVectorGetArrayRead
FNL:26,602,618
FNA:26,11088,CeedVectorGetArrayWrite
FNL:27,630,639
FNA:27,12912,CeedVectorRestoreArray
FNL:28,651,661
FNA:28,14976,CeedVectorRestoreArrayRead
FNL:29,66,69
FNA:29,0,CeedVectorDestroy_Object
FNL:30,677,723
FNA:30,0,CeedVectorNorm
FNL:31,735,757
FNA:31,0,CeedVectorScale
FNL:32,770,827
FNA:32,0,CeedVectorAXPY
FNL:33,841,898
FNA:33,0,CeedVectorAXPBY
FNL:34,89,100
FNA:34,16800,CeedVectorHasValidArray
FNL:35,913,991
FNA:35,0,CeedVectorPointwiseMult
FNF:36
FNH:17
DA:52,0
DA:53,0
DA:54,0
DA:66,0
DA:67,0
DA:68,0
DA:89,16800
DA:92,16800
DA:93,16800
DA:94,16800
DA:95,0
DA:96,0
DA:98,16800
DA:99,16800
DA:113,0
DA:114,0
DA:116,0
DA:117,0
DA:130,384
DA:131,384
DA:132,384
DA:145,74688
DA:146,74688
DA:147,74688
DA:160,3648
DA:161,3648
DA:162,3648
DA:174,1632
DA:175,1632
DA:176,1632
DA:198,6120
DA:199,6120
DA:200,6120
DA:203,2472
DA:204,2472
DA:205,2472
DA:206,2472
DA:207,2472
DA:210,3648
DA:211,3648
DA:212,3648
DA:213,3648
DA:214,3648
DA:215,3648
DA:233,8928
DA:234,8928
DA:235,8928
DA:236,8928
DA:237,8928
DA:250,0
DA:258,0
DA:259,0
DA:260,0
DA:262,0
DA:263,0
DA:264,0
DA:268,0
DA:274,0
DA:275,0
DA:276,0
DA:280,0
DA:281,0
DA:283,0
DA:284,0
DA:300,0
DA:302,0
DA:303,0
DA:309,0
DA:310,0
DA:311,0
DA:312,0
DA:314,0
DA:316,0
DA:320,0
DA:321,0
DA:322,0
DA:323,0
DA:327,0
DA:328,0
DA:329,0
DA:330,0
DA:333,0
DA:334,0
DA:335,0
DA:353,6744
DA:356,6744
DA:357,6744
DA:359,6744
DA:361,6744
DA:362,6744
DA:363,6744
DA:364,6744
DA:377,1056
DA:378,1056
DA:380,1056
DA:382,1056
DA:383,144
DA:384,144
DA:389,912
DA:390,912
DA:391,274224
DA:392,912
DA:394,1056
DA:412,0
DA:415,0
DA:417,0
DA:418,0
DA:419,0
DA:422,0
DA:423,0
DA:424,0
DA:428,0
DA:429,0
DA:430,0
DA:431,0
DA:432,0
DA:434,0
DA:450,0
DA:453,0
DA:456,0
DA:457,0
DA:459,0
DA:460,0
DA:464,0
DA:465,0
DA:467,0
DA:485,0
DA:487,0
DA:489,0
DA:490,0
DA:492,0
DA:493,0
DA:494,0
DA:496,0
DA:497,0
DA:500,0
DA:501,0
DA:504,0
DA:506,0
DA:507,0
DA:527,1824
DA:530,1824
DA:531,1824
DA:533,1824
DA:535,1824
DA:536,1824
DA:537,1824
DA:539,1824
DA:540,1824
DA:543,1824
DA:545,0
DA:547,1824
DA:548,1824
DA:565,14976
DA:568,14976
DA:569,14976
DA:572,14976
DA:573,14976
DA:574,14976
DA:576,14976
DA:577,14976
DA:580,14976
DA:582,0
DA:584,14976
DA:585,14976
DA:602,11088
DA:605,11088
DA:606,11088
DA:608,11088
DA:610,11088
DA:611,11088
DA:612,11088
DA:614,0
DA:616,11088
DA:617,11088
DA:630,12912
DA:633,12912
DA:634,12912
DA:635,12912
DA:636,12912
DA:637,12912
DA:638,12912
DA:651,14976
DA:654,14976
DA:656,14976
DA:657,14976
DA:658,14976
DA:659,14976
DA:660,14976
DA:677,0
DA:678,0
DA:681,0
DA:682,0
DA:685,0
DA:686,0
DA:687,0
DA:688,0
DA:692,0
DA:693,0
DA:694,0
DA:698,0
DA:699,0
DA:701,0
DA:702,0
DA:703,0
DA:704,0
DA:705,0
DA:707,0
DA:708,0
DA:709,0
DA:710,0
DA:712,0
DA:713,0
DA:714,0
DA:715,0
DA:716,0
DA:719,0
DA:721,0
DA:722,0
DA:735,0
DA:736,0
DA:738,0
DA:740,0
DA:741,0
DA:745,0
DA:746,0
DA:749,0
DA:752,0
DA:753,0
DA:754,0
DA:755,0
DA:756,0
DA:770,0
DA:771,0
DA:773,0
DA:774,0
DA:776,0
DA:777,0
DA:778,0
DA:782,0
DA:784,0
DA:785,0
DA:787,0
DA:788,0
DA:794,0
DA:795,0
DA:796,0
DA:797,0
DA:798,0
DA:799,0
DA:800,0
DA:802,0
DA:803,0
DA:807,0
DA:810,0
DA:811,0
DA:812,0
DA:816,0
DA:817,0
DA:819,0
DA:820,0
DA:822,0
DA:824,0
DA:825,0
DA:826,0
DA:841,0
DA:842,0
DA:844,0
DA:845,0
DA:847,0
DA:848,0
DA:849,0
DA:853,0
DA:855,0
DA:856,0
DA:858,0
DA:859,0
DA:865,0
DA:866,0
DA:867,0
DA:868,0
DA:869,0
DA:870,0
DA:871,0
DA:873,0
DA:874,0
DA:878,0
DA:881,0
DA:882,0
DA:883,0
DA:887,0
DA:888,0
DA:890,0
DA:891,0
DA:893,0
DA:895,0
DA:896,0
DA:897,0
DA:913,0
DA:914,0
DA:915,0
DA:916,0
DA:919,0
DA:920,0
DA:921,0
DA:922,0
DA:930,0
DA:931,0
DA:932,0
DA:933,0
DA:934,0
DA:935,0
DA:936,0
DA:937,0
DA:938,0
DA:939,0
DA:941,0
DA:942,0
DA:943,0
DA:946,0
DA:947,0
DA:949,0
DA:950,0
DA:954,0
DA:957,0
DA:958,0
DA:959,0
DA:963,0
DA:964,0
DA:966,0
DA:968,0
DA:969,0
DA:971,0
DA:973,0
DA:974,0
DA:975,0
DA:976,0
DA:977,0
DA:978,0
DA:981,0
DA:982,0
DA:983,0
DA:985,0
DA:987,0
DA:988,0
DA:989,0
DA:990,0
DA:1002,0
DA:1003,0
DA:1007,0
DA:1008,0
DA:1012,0
DA:1015,0
DA:1016,0
DA:1019,0
DA:1020,0
DA:1021,0
DA:1024,0
DA:1025,0
DA:1026,0
DA:1029,0
DA:1030,0
DA:1043,0
DA:1044,0
DA:1045,0
DA:1058,0
DA:1059,0
DA:1060,0
DA:1080,0
DA:1082,0
DA:1086,0
DA:1089,0
DA:1091,0
DA:1092,0
DA:1093,0
DA:1096,0
DA:1097,0
DA:1098,0
DA:1099,0
DA:1101,0
DA:1102,0
DA:1104,0
DA:1105,0
DA:1106,0
DA:1107,0
DA:1108,0
DA:1109,0
DA:1110,0
DA:1124,0
DA:1127,0
DA:1128,0
DA:1129,0
DA:1142,3648
DA:1143,3648
DA:1144,3648
DA:1156,0
DA:1168,123936
DA:1169,123936
DA:1170,123936
DA:1182,20352
DA:1183,20352
DA:1184,16704
DA:1185,16704
DA:1187,3648
DA:1188,3648
DA:1190,3648
DA:1191,3648
DA:1192,3648
DA:1193,3648
LF:409
LH:118
end_of_record
TN:
SF:/home/jeremy/Dev/libCEED/interface/ceed.c
FNL:0,1013,1022
FNA:0,0,CeedGetRustSourceRoots
FNL:1,1034,1042
FNA:1,48,CeedRestoreJitSourceRoots
FNL:2,1054,1062
FNA:2,0,CeedRestoreRustSourceRoots
FNL:3,1077,1086
FNA:3,0,CeedGetJitDefines
FNL:4,1098,1106
FNA:4,0,CeedRestoreJitDefines
FNL:5,1171,1377
FNA:5,432,CeedInit
FNL:6,123,139
FNA:6,4416,CeedRegisterImpl
FNL:7,1389,1402
FNA:7,0,CeedSetStream
FNL:8,1419,1424
FNA:8,24420,CeedReferenceCopy
FNL:9,1436,1439
FNA:9,648,CeedGetResource
FNL:10,1451,1466
FNA:10,0,CeedGetPreferredMemType
FNL:11,1478,1481
FNA:11,0,CeedIsDeterministic
FNL:12,1493,1512
FNA:12,432,CeedAddJitSourceRoot
FNL:13,150,153
FNA:13,0,CeedWorkVectorsCreate
FNL:14,1524,1545
FNA:14,0,CeedAddRustSourceRoot
FNL:15,1557,1576
FNA:15,0,CeedAddJitDefine
FNL:16,1588,1591
FNA:16,0,CeedSetNumViewTabs
FNL:17,1603,1606
FNA:17,0,CeedGetNumViewTabs
FNL:18,1618,1638
FNA:18,0,CeedView
FNL:19,164,179
FNA:19,300,CeedWorkVectorsDestroy
FNL:20,1649,1693
FNA:20,48480,CeedDestroy
FNL:21,1711,1732
FNA:21,0,CeedErrorImpl
FNL:22,1800,1807
FNA:22,0,CeedErrorExit
FNL:23,1819,1824
FNA:23,0,CeedSetErrorHandler
FNL:24,1838,1842
FNA:24,0,CeedGetErrorMessage
FNL:25,1856,1861
FNA:25,0,CeedResetErrorMessage
FNL:26,1882,1888
FNA:26,0,CeedGetVersion
FNL:27,1899,1902
FNA:27,0,CeedGetScalarType
FNL:28,191,194
FNA:28,0,CeedView_Object
FNL:29,205,208
FNA:29,0,CeedDestroy_Object
FNL:30,282,286
FNA:30,1812,CeedMallocArray
FNL:31,303,307
FNA:31,43296,CeedCallocArray
FNL:32,324,328
FNA:32,1776,CeedReallocArray
FNL:33,344,349
FNA:33,2928,CeedStringAllocCopy
FNL:34,360,364
FNA:34,58680,CeedFree
FNL:35,380,407
FNA:35,5400,CeedSetHostGenericArray
FNL:36,422,426
FNA:36,0,CeedSetHostBoolArray
FNL:37,441,445
FNA:37,0,CeedSetHostCeedInt8Array
FNL:38,460,464
FNA:38,648,CeedSetHostCeedIntArray
FNL:39,479,483
FNA:39,4752,CeedSetHostCeedScalarArray
FNL:40,498,502
FNA:40,1536,CeedRegister
FNL:41,514,517
FNA:41,0,CeedIsDebug
FNL:42,533,540
FNA:42,0,CeedGetResourceRoot
FNL:43,552,560
FNA:43,4032,CeedGetParent
FNL:44,572,576
FNA:44,4428,CeedGetDelegate
FNL:45,591,595
FNA:45,240,CeedSetDelegate
FNL:46,608,621
FNA:46,4428,CeedGetObjectDelegate
FNL:47,638,656
FNA:47,0,CeedSetObjectDelegate
FNL:48,668,678
FNA:48,0,CeedGetOperatorFallbackCeed
FNL:49,692,696
FNA:49,0,CeedSetOperatorFallbackCeed
FNL:50,708,711
FNA:50,384,CeedSetDeterministic
FNL:51,730,752
FNA:51,63624,CeedSetBackendFunctionImpl
FNL:52,764,767
FNA:52,672,CeedGetData
FNL:53,779,782
FNA:53,96,CeedSetData
FNL:54,793,796
FNA:54,24420,CeedReference
FNL:55,808,830
FNA:55,0,CeedGetWorkVectorMemoryUsage
FNL:56,842,874
FNA:56,0,CeedClearWorkVectors
FNL:57,889,938
FNA:57,0,CeedGetWorkVector
FNL:58,95,98
FNA:58,0,CeedRequestWait
FNL:59,950,974
FNA:59,0,CeedRestoreWorkVector
FNL:60,989,998
FNA:60,48,CeedGetJitSourceRoots
FNF:61
FNH:27
DA:95,0
DA:96,0
DA:97,0
DA:123,4416
DA:124,4416
DA:127,4416
DA:128,4416
DA:129,4416
DA:130,4416
DA:131,4416
DA:132,4416
DA:134,0
DA:137,4416
DA:138,4416
DA:150,0
DA:151,0
DA:152,0
DA:164,300
DA:165,300
DA:166,0
DA:167,0
DA:169,0
DA:170,0
DA:171,0
DA:173,0
DA:175,0
DA:176,0
DA:177,0
DA:178,0
DA:191,0
DA:192,0
DA:193,0
DA:205,0
DA:206,0
DA:207,0
DA:282,1812
DA:283,1812
DA:284,1812
DA:285,1812
DA:303,43296
DA:304,43296
DA:305,43296
DA:306,43296
DA:324,1776
DA:325,1776
DA:326,1776
DA:327,1776
DA:344,2928
DA:345,2928
DA:346,2928
DA:347,2928
DA:348,2928
DA:360,58680
DA:361,58680
DA:362,58680
DA:363,58680
DA:380,5400
DA:382,5400
DA:383,2112
DA:384,2112
DA:385,2112
DA:386,0
DA:388,2112
DA:389,2112
DA:392,2112
DA:393,2112
DA:394,360
DA:395,360
DA:396,360
DA:397,360
DA:398,360
DA:399,360
DA:400,2928
DA:401,2928
DA:402,2928
DA:403,2928
DA:404,2928
DA:406,5400
DA:422,0
DA:424,0
DA:425,0
DA:441,0
DA:443,0
DA:444,0
DA:460,648
DA:462,648
DA:463,648
DA:479,4752
DA:481,4752
DA:482,4752
DA:498,1536
DA:499,1536
DA:500,1536
DA:501,1536
DA:514,0
DA:515,0
DA:516,0
DA:533,0
DA:534,0
DA:535,0
DA:537,0
DA:538,0
DA:539,0
DA:552,4032
DA:553,4032
DA:554,1704
DA:555,1704
DA:557,2328
DA:558,2328
DA:559,2328
DA:572,4428
DA:573,4428
DA:574,4428
DA:575,4428
DA:591,240
DA:592,240
DA:593,240
DA:594,240
DA:608,4428
DA:610,4428
DA:611,0
DA:612,0
DA:613,0
DA:614,0
DA:619,4428
DA:620,4428
DA:638,0
DA:639,0
DA:642,0
DA:643,0
DA:645,0
DA:647,0
DA:650,0
DA:651,0
DA:654,0
DA:655,0
DA:668,0
DA:669,0
DA:670,0
DA:671,0
DA:675,0
DA:676,0
DA:677,0
DA:692,0
DA:693,0
DA:694,0
DA:695,0
DA:708,384
DA:709,384
DA:710,384
DA:730,63624
DA:731,63624
DA:734,63624
DA:735,63624
DA:736,63624
DA:739,2096256
DA:740,2096256
DA:741,63624
DA:742,63624
DA:744,63624
DA:745,63624
DA:764,672
DA:765,672
DA:766,672
DA:779,96
DA:780,96
DA:781,96
DA:793,24420
DA:794,24420
DA:795,24420
DA:808,0
DA:809,0
DA:812,0
DA:813,0
DA:814,0
DA:815,0
DA:816,0
DA:818,0
DA:819,0
DA:820,0
DA:822,0
DA:823,0
DA:825,0
DA:826,0
DA:829,0
DA:842,0
DA:843,0
DA:846,0
DA:847,0
DA:848,0
DA:849,0
DA:850,0
DA:852,0
DA:853,0
DA:854,0
DA:856,0
DA:857,0
DA:859,0
DA:860,0
DA:861,0
DA:863,0
DA:864,0
DA:865,0
DA:866,0
DA:867,0
DA:868,0
DA:869,0
DA:873,0
DA:889,0
DA:890,0
DA:893,0
DA:896,0
DA:897,0
DA:898,0
DA:899,0
DA:900,0
DA:903,0
DA:906,0
DA:907,0
DA:910,0
DA:911,0
DA:915,0
DA:916,0
DA:917,0
DA:918,0
DA:919,0
DA:920,0
DA:921,0
DA:922,0
DA:923,0
DA:925,0
DA:926,0
DA:928,0
DA:929,0
DA:932,0
DA:933,0
DA:934,0
DA:936,0
DA:937,0
DA:950,0
DA:951,0
DA:954,0
DA:955,0
DA:956,0
DA:957,0
DA:958,0
DA:961,0
DA:962,0
DA:963,0
DA:964,0
DA:965,0
DA:967,0
DA:968,0
DA:989,48
DA:992,48
DA:993,48
DA:994,48
DA:995,48
DA:996,48
DA:997,48
DA:1013,0
DA:1016,0
DA:1017,0
DA:1018,0
DA:1019,0
DA:1020,0
DA:1021,0
DA:1034,48
DA:1037,48
DA:1038,48
DA:1039,48
DA:1040,48
DA:1041,48
DA:1054,0
DA:1057,0
DA:1058,0
DA:1059,0
DA:1060,0
DA:1061,0
DA:1077,0
DA:1080,0
DA:1081,0
DA:1082,0
DA:1083,0
DA:1084,0
DA:1085,0
DA:1098,0
DA:1101,0
DA:1102,0
DA:1103,0
DA:1104,0
DA:1105,0
DA:1171,432
DA:1172,432
DA:1175,432
DA:1176,432
DA:1179,432
DA:1180,432
DA:1181,432
DA:1182,432
DA:1183,0
DA:1185,0
DA:1186,0
DA:1188,0
DA:1190,0
DA:1191,0
DA:1193,432
DA:1197,432
DA:1198,9504
DA:1199,10368
DA:1200,9936
DA:1201,9936
DA:1202,65520
DA:1203,9936
DA:1204,9936
DA:1205,864
DA:1206,864
DA:1207,864
DA:1211,432
DA:1249,432
DA:1250,432
DA:1251,432
DA:1252,432
DA:1253,432
DA:1254,432
DA:1255,432
DA:1256,0
DA:1257,0
DA:1258,432
DA:1259,432
DA:1262,432
DA:1351,432
DA:1352,432
DA:1355,432
DA:1358,432
DA:1362,432
DA:1366,432
DA:1368,432
DA:1369,0
DA:1371,432
DA:1375,432
DA:1376,432
DA:1389,0
DA:1390,0
DA:1391,0
DA:1392,0
DA:1395,0
DA:1397,0
DA:1398,0
DA:1399,0
DA:1401,0
DA:1419,24420
DA:1420,24420
DA:1421,24420
DA:1422,24420
DA:1423,24420
DA:1436,648
DA:1437,648
DA:1438,648
DA:1451,0
DA:1452,0
DA:1453,0
DA:1456,0
DA:1458,0
DA:1459,0
DA:1461,0
DA:1463,0
DA:1465,0
DA:1478,0
DA:1479,0
DA:1480,0
DA:1493,432
DA:1496,432
DA:1497,432
DA:1499,432
DA:1500,432
DA:1502,432
DA:1503,432
DA:1504,432
DA:1505,432
DA:1507,432
DA:1508,432
DA:1509,432
DA:1510,432
DA:1511,432
DA:1524,0
DA:1527,0
DA:1528,0
DA:1530,0
DA:1531,0
DA:1533,0
DA:1534,0
DA:1535,0
DA:1536,0
DA:1538,0
DA:1539,0
DA:1540,0
DA:1541,0
DA:1542,0
DA:1543,0
DA:1544,0
DA:1557,0
DA:1560,0
DA:1561,0
DA:1563,0
DA:1564,0
DA:1566,0
DA:1567,0
DA:1568,0
DA:1569,0
DA:1571,0
DA:1572,0
DA:1573,0
DA:1574,0
DA:1575,0
DA:1588,0
DA:1589,0
DA:1590,0
DA:1603,0
DA:1604,0
DA:1605,0
DA:1618,0
DA:1619,0
DA:1622,0
DA:1625,0
DA:1627,0
DA:1628,0
DA:1629,0
DA:1631,0
DA:1635,0
DA:1636,0
DA:1637,0
DA:1649,48480
DA:1650,48480
DA:1651,48180
DA:1652,48180
DA:1655,300
DA:1657,300
DA:1659,300
DA:1661,300
DA:1662,0
DA:1663,0
DA:1664,0
DA:1666,0
DA:1669,300
DA:1671,600
DA:1672,300
DA:1674,300
DA:1676,300
DA:1677,0
DA:1679,300
DA:1681,300
DA:1682,0
DA:1684,300
DA:1686,300
DA:1687,300
DA:1688,300
DA:1689,300
DA:1690,300
DA:1691,300
DA:1692,300
DA:1711,0
DA:1715,0
DA:1716,0
DA:1717,0
DA:1800,0
DA:1801,0
DA:1803,0
DA:1804,0
DA:1805,0
DA:1819,0
DA:1820,0
DA:1821,0
DA:1822,0
DA:1823,0
DA:1838,0
DA:1839,0
DA:1840,0
DA:1841,0
DA:1856,0
DA:1857,0
DA:1858,0
DA:1859,0
DA:1860,0
DA:1882,0
DA:1883,0
DA:1884,0
DA:1885,0
DA:1886,0
DA:1887,0
DA:1899,0
DA:1900,0
DA:1901,0
LF:493
LH:205
end_of_record
TN:
SF:/usr/include/valgrind/valgrind.h
FNL:0,7293,7322
FNA:0,0,VALGRIND_PRINTF
FNL:1,7332,7361
FNA:1,0,VALGRIND_PRINTF_BACKTRACE
FNF:2
FNH:0
DA:7293,0
DA:7305,0
DA:7313,0
DA:7319,0
DA:7320,0
DA:7332,0
DA:7344,0
DA:7352,0
DA:7358,0
DA:7359,0
LF:10
LH:0
end_of_record
